
    -----
    Starting run with the following parameters:
    Run name: eth_test_run
    Number of trials: 5
    Number of environments: 5
    Use memory: True

    Sending all logs to `eth_test_run`
    -----
    
Your current cash is 10000.00 dollars and holding 0.00 ETH. The ETH open price is 2279.94 dollars. Related news is summarized in . What's your action? (precision-two float-value in range [-1,1]).
> 0.50
{'cash': 5000.0, 'eth_held': 2.1930391971821406, 'next_open_price': 2350.026286, 'close_net_worth': 10153.698147722556}
> 0.50
{'cash': 2500.0, 'eth_held': 3.2568570850472467, 'next_open_price': 2360.78212, 'close_net_worth': 10188.727579984901}
> 0.00
{'cash': 2500.0, 'eth_held': 3.2568570850472467, 'next_open_price': 2211.170828, 'close_net_worth': 9701.467377421586}
> -0.30
{'cash': 4660.440213226476, 'eth_held': 2.2797999595330727, 'next_open_price': 2270.977439, 'close_net_worth': 9837.813481367415}
> 0.70
{'cash': 1398.132063967943, 'eth_held': 3.7163215617446097, 'next_open_price': 2267.087035, 'close_net_worth': 9823.352670395214}
> 0.80
{'cash': 279.62641279358854, 'eth_held': 4.209688439110372, 'next_open_price': 2241.510827, 'close_net_worth': 9715.683676762614}
> 0.60
{'cash': 111.85056511743542, 'eth_held': 4.284537886927094, 'next_open_price': 2220.151562, 'close_net_worth': 9624.170268264385}
> 0.70
{'cash': 33.55516953523063, 'eth_held': 4.319803675498606, 'next_open_price': 2331.660329, 'close_net_worth': 10105.865583685736}
> 0.80
{'cash': 6.711033907046126, 'eth_held': 4.331316559812977, 'next_open_price': 2341.160624, 'close_net_worth': 10147.013720192053}
> 0.90
{'cash': 0.6711033907046122, 'eth_held': 4.333896447093851, 'next_open_price': 2588.769164, 'close_net_worth': 11220.122851851424}
Your current cash is 10000.00 dollars and holding 0.00 ETH. The ETH open price is 2279.94 dollars. Related news is summarized in . What's your action? (precision-two float-value in range [-1,1]).
> 0.50
{'cash': 5000.0, 'eth_held': 2.1930391971821406, 'next_open_price': 2350.026286, 'close_net_worth': 10153.698147722556}
> 0.50
{'cash': 2500.0, 'eth_held': 3.2568570850472467, 'next_open_price': 2360.78212, 'close_net_worth': 10188.727579984901}
> 0.70
{'cash': 750.0, 'eth_held': 3.998136843638438, 'next_open_price': 2211.170828, 'close_net_worth': 9590.559440922498}
> -0.30
{'cash': 3402.169066501593, 'eth_held': 2.7986957905469065, 'next_open_price': 2270.977439, 'close_net_worth': 9757.942831233044}
> 0.80
{'cash': 680.4338133003184, 'eth_held': 3.997182048692985, 'next_open_price': 2267.087035, 'close_net_worth': 9742.388711740834}
> 0.60
{'cash': 272.1735253201274, 'eth_held': 4.177263484331468, 'next_open_price': 2241.510827, 'close_net_worth': 9635.551168334465}
> 0.70
{'cash': 81.65205759603822, 'eth_held': 4.262260382597215, 'next_open_price': 2220.151562, 'close_net_worth': 9544.51171780403}
> 0.80
{'cash': 16.330411519207644, 'eth_held': 4.291682538811624, 'next_open_price': 2331.660329, 'close_net_worth': 10023.071284909609}
> 0.70
{'cash': 4.899123455762293, 'eth_held': 4.296585177468408, 'next_open_price': 2341.160624, 'close_net_worth': 10063.890737420703}
> 0.80
{'cash': 0.9798246911524586, 'eth_held': 4.298259261136326, 'next_open_price': 2588.769164, 'close_net_worth': 11128.175804045404}
Your current cash is 10000.00 dollars and holding 0.00 ETH. The ETH open price is 2279.94 dollars. Related news is summarized in . What's your action? (precision-two float-value in range [-1,1]).
> 0.50
{'cash': 5000.0, 'eth_held': 2.1930391971821406, 'next_open_price': 2350.026286, 'close_net_worth': 10153.698147722556}
> 0.50
{'cash': 2500.0, 'eth_held': 3.2568570850472467, 'next_open_price': 2360.78212, 'close_net_worth': 10188.727579984901}
> 0.00
{'cash': 2500.0, 'eth_held': 3.2568570850472467, 'next_open_price': 2211.170828, 'close_net_worth': 9701.467377421586}
> 0.75
{'cash': 625.0, 'eth_held': 4.104824133208756, 'next_open_price': 2270.977439, 'close_net_worth': 9946.958472011207}
> -0.50
{'cash': 5285.981498789907, 'eth_held': 2.052412066604378, 'next_open_price': 2267.087035, 'close_net_worth': 9938.976776943378}
> 0.25
{'cash': 3964.48612409243, 'eth_held': 2.635316628403646, 'next_open_price': 2241.510827, 'close_net_worth': 9871.57591075348}
> 0.75
{'cash': 991.1215310231073, 'eth_held': 3.9618168430150664, 'next_open_price': 2220.151562, 'close_net_worth': 9786.951015497847}
> 0.50
{'cash': 495.56076551155365, 'eth_held': 4.185027174234586, 'next_open_price': 2331.660329, 'close_net_worth': 10253.619527466333}
> -0.25
{'cash': 2935.076224998992, 'eth_held': 3.1387703806759393, 'next_open_price': 2341.160624, 'close_net_worth': 10283.440694516876}
> 0.75
{'cash': 733.7690562497482, 'eth_held': 4.0790335758548295, 'next_open_price': 2588.769164, 'close_net_worth': 11293.440899208867}
Your current cash is 10000.00 dollars and holding 0.00 ETH. The ETH open price is 2279.94 dollars. Related news is summarized in . What's your action? (precision-two float-value in range [-1,1]).
> 0.50
{'cash': 5000.0, 'eth_held': 2.1930391971821406, 'next_open_price': 2350.026286, 'close_net_worth': 10153.698147722556}
> 0.50
{'cash': 2500.0, 'eth_held': 3.2568570850472467, 'next_open_price': 2360.78212, 'close_net_worth': 10188.727579984901}
> 0.00
{'cash': 2500.0, 'eth_held': 3.2568570850472467, 'next_open_price': 2211.170828, 'close_net_worth': 9701.467377421586}
> -0.30
{'cash': 4660.440213226476, 'eth_held': 2.2797999595330727, 'next_open_price': 2270.977439, 'close_net_worth': 9837.813481367415}
> 0.70
{'cash': 1398.132063967943, 'eth_held': 3.7163215617446097, 'next_open_price': 2267.087035, 'close_net_worth': 9823.352670395214}
> 0.80
{'cash': 279.62641279358854, 'eth_held': 4.209688439110372, 'next_open_price': 2241.510827, 'close_net_worth': 9715.683676762614}
> 0.60
{'cash': 111.85056511743542, 'eth_held': 4.284537886927094, 'next_open_price': 2220.151562, 'close_net_worth': 9624.170268264385}
> -0.20
{'cash': 2014.315261539309, 'eth_held': 3.427630309541675, 'next_open_price': 2331.660329, 'close_net_worth': 10006.383869052312}
> 0.70
{'cash': 604.2945784617928, 'eth_held': 4.032358479224197, 'next_open_price': 2341.160624, 'close_net_worth': 10044.68932257713}
> 0.80
{'cash': 120.85891569235855, 'eth_held': 4.238852496684416, 'next_open_price': 2588.769164, 'close_net_worth': 11094.26456496285}
Your current cash is 10000.00 dollars and holding 0.00 ETH. The ETH open price is 2279.94 dollars. Related news is summarized in . What's your action? (precision-two float-value in range [-1,1]).
> 0.50
{'cash': 5000.0, 'eth_held': 2.1930391971821406, 'next_open_price': 2350.026286, 'close_net_worth': 10153.698147722556}
> 0.50
{'cash': 2500.0, 'eth_held': 3.2568570850472467, 'next_open_price': 2360.78212, 'close_net_worth': 10188.727579984901}
> 0.50
{'cash': 1250.0, 'eth_held': 3.7863426268980973, 'next_open_price': 2211.170828, 'close_net_worth': 9622.24757844813}
> -0.50
{'cash': 5436.12518070498, 'eth_held': 1.8931713134490487, 'next_open_price': 2270.977439, 'close_net_worth': 9735.473130228851}
> 0.70
{'cash': 1630.8375542114945, 'eth_held': 3.5687879713446478, 'next_open_price': 2267.087035, 'close_net_worth': 9721.586822428075}
> 0.60
{'cash': 652.3350216845979, 'eth_held': 4.000400219758788, 'next_open_price': 2241.510827, 'close_net_worth': 9619.271898254106}
> 0.70
{'cash': 195.7005065053794, 'eth_held': 4.204117511542013, 'next_open_price': 2220.151562, 'close_net_worth': 9529.474240550013}
> 0.80
{'cash': 39.14010130107587, 'eth_held': 4.274635402250009, 'next_open_price': 2331.660329, 'close_net_worth': 10006.132862695145}
> 0.70
{'cash': 11.742030390322764, 'eth_held': 4.28638585773874, 'next_open_price': 2341.160624, 'close_net_worth': 10046.855409107678}
> 0.80
{'cash': 2.348406078064553, 'eth_held': 4.290398236990279, 'next_open_price': 2588.769164, 'close_net_worth': 11109.194017770134}
