Loading checkpoint shards:   0%|          | 0/2 [00:00<?, ?it/s]Loading checkpoint shards:  50%|█████     | 1/2 [00:45<00:45, 45.16s/it]Loading checkpoint shards: 100%|██████████| 2/2 [00:59<00:00, 27.31s/it]Loading checkpoint shards: 100%|██████████| 2/2 [00:59<00:00, 29.99s/it]
Processing news #1. File: 2023-10-1.json. ID: 24. Last time: 0.00s.
Processing news #2. File: 2023-10-1.json. ID: 39. Last time: 7.17s.
Processing news #3. File: 2023-10-1.json. ID: 45. Last time: 5.54s.
Processing news #4. File: 2023-10-1.json. ID: 50. Last time: 8.68s.
Processing news #5. File: 2023-10-1.json. ID: 52. Last time: 4.80s.
Processing news #6. File: 2023-10-1.json. ID: 57. Last time: 2.29s.
Processing news #7. File: 2023-10-1.json. ID: 59. Last time: 4.84s.
Processing news #8. File: 2023-10-1.json. ID: 60. Last time: 3.44s.
Processing news #9. File: 2023-10-1.json. ID: 69. Last time: 3.44s.
Processing news #10. File: 2023-10-1.json. ID: 71. Last time: 4.48s.
Processing news #11. File: 2023-10-2.json. ID: 0. Last time: 4.72s.
/home/liyuan/miniconda3/envs/handy/lib/python3.8/site-packages/transformers/pipelines/base.py:1157: UserWarning: You seem to be using the pipelines sequentially on GPU. In order to maximize efficiency please use a dataset
  warnings.warn(
Processing news #12. File: 2023-10-2.json. ID: 1. Last time: 3.06s.
Processing news #13. File: 2023-10-2.json. ID: 2. Last time: 7.20s.
Processing news #14. File: 2023-10-2.json. ID: 3. Last time: 7.69s.
Processing news #15. File: 2023-10-2.json. ID: 4. Last time: 5.56s.
Processing news #16. File: 2023-10-2.json. ID: 7. Last time: 8.95s.
Processing news #17. File: 2023-10-2.json. ID: 8. Last time: 9.67s.
Processing news #18. File: 2023-10-2.json. ID: 10. Last time: 5.74s.
Processing news #19. File: 2023-10-2.json. ID: 11. Last time: 12.03s.
Processing news #20. File: 2023-10-2.json. ID: 12. Last time: 7.02s.
Processing news #21. File: 2023-10-2.json. ID: 14. Last time: 7.12s.
Processing news #22. File: 2023-10-2.json. ID: 16. Last time: 5.37s.
Processing news #23. File: 2023-10-2.json. ID: 17. Last time: 8.48s.
Processing news #24. File: 2023-10-2.json. ID: 19. Last time: 5.47s.
Processing news #25. File: 2023-10-2.json. ID: 22. Last time: 3.63s.
Processing news #26. File: 2023-10-2.json. ID: 23. Last time: 5.59s.
Processing news #27. File: 2023-10-2.json. ID: 24. Last time: 7.60s.
Processing news #28. File: 2023-10-2.json. ID: 25. Last time: 5.63s.
Processing news #29. File: 2023-10-2.json. ID: 28. Last time: 4.55s.
Processing news #30. File: 2023-10-2.json. ID: 31. Last time: 6.95s.
Processing news #31. File: 2023-10-2.json. ID: 32. Last time: 6.63s.
Processing news #32. File: 2023-10-2.json. ID: 34. Last time: 7.06s.
Processing news #33. File: 2023-10-2.json. ID: 35. Last time: 3.15s.
Prompt too long: 4447 tokens. Skip news.
Processing news #34. File: 2023-10-2.json. ID: 37. Last time: 0.01s.
Processing news #35. File: 2023-10-2.json. ID: 38. Last time: 7.90s.
Processing news #36. File: 2023-10-2.json. ID: 39. Last time: 4.70s.
Processing news #37. File: 2023-10-2.json. ID: 40. Last time: 6.26s.
Processing news #38. File: 2023-10-2.json. ID: 41. Last time: 4.24s.
Processing news #39. File: 2023-10-2.json. ID: 42. Last time: 2.81s.
Processing news #40. File: 2023-10-2.json. ID: 43. Last time: 5.94s.
Processing news #41. File: 2023-10-2.json. ID: 45. Last time: 4.83s.
Processing news #42. File: 2023-10-2.json. ID: 46. Last time: 5.30s.
Processing news #43. File: 2023-10-2.json. ID: 49. Last time: 6.27s.
Processing news #44. File: 2023-10-2.json. ID: 50. Last time: 6.23s.
Processing news #45. File: 2023-10-2.json. ID: 52. Last time: 4.03s.
Processing news #46. File: 2023-10-2.json. ID: 53. Last time: 6.63s.
Processing news #47. File: 2023-10-2.json. ID: 55. Last time: 4.10s.
Processing news #48. File: 2023-10-2.json. ID: 57. Last time: 5.02s.
Processing news #49. File: 2023-10-2.json. ID: 58. Last time: 4.54s.
Processing news #50. File: 2023-10-2.json. ID: 59. Last time: 6.69s.
Processing news #51. File: 2023-10-2.json. ID: 60. Last time: 3.56s.
Processing news #52. File: 2023-10-2.json. ID: 61. Last time: 3.79s.
Processing news #53. File: 2023-10-2.json. ID: 62. Last time: 5.20s.
Processing news #54. File: 2023-10-2.json. ID: 63. Last time: 7.38s.
Processing news #55. File: 2023-10-2.json. ID: 65. Last time: 7.26s.
Processing news #56. File: 2023-10-2.json. ID: 68. Last time: 6.47s.
Processing news #57. File: 2023-10-2.json. ID: 71. Last time: 3.41s.
Processing news #58. File: 2023-10-2.json. ID: 72. Last time: 6.08s.
Processing news #59. File: 2023-10-2.json. ID: 73. Last time: 3.50s.
Processing news #60. File: 2023-10-2.json. ID: 74. Last time: 8.07s.
Processing news #61. File: 2023-10-2.json. ID: 76. Last time: 5.37s.
Processing news #62. File: 2023-10-2.json. ID: 77. Last time: 5.07s.
Processing news #63. File: 2023-10-2.json. ID: 79. Last time: 4.68s.
Processing news #64. File: 2023-10-2.json. ID: 80. Last time: 6.44s.
Processing news #65. File: 2023-10-2.json. ID: 82. Last time: 9.62s.
Processing news #66. File: 2023-10-2.json. ID: 84. Last time: 8.74s.
Processing news #67. File: 2023-10-2.json. ID: 85. Last time: 4.64s.
Processing news #68. File: 2023-10-2.json. ID: 89. Last time: 5.08s.
Processing news #69. File: 2023-10-2.json. ID: 92. Last time: 3.76s.
Processing news #70. File: 2023-10-2.json. ID: 94. Last time: 6.52s.
Processing news #71. File: 2023-10-3.json. ID: 5. Last time: 5.93s.
Processing news #72. File: 2023-10-3.json. ID: 6. Last time: 6.22s.
Processing news #73. File: 2023-10-3.json. ID: 7. Last time: 5.19s.
Processing news #74. File: 2023-10-3.json. ID: 8. Last time: 5.18s.
Processing news #75. File: 2023-10-3.json. ID: 10. Last time: 6.15s.
Processing news #76. File: 2023-10-3.json. ID: 11. Last time: 11.45s.
Processing news #77. File: 2023-10-3.json. ID: 12. Last time: 5.40s.
Processing news #78. File: 2023-10-3.json. ID: 16. Last time: 7.84s.
Processing news #79. File: 2023-10-3.json. ID: 17. Last time: 8.16s.
Processing news #80. File: 2023-10-3.json. ID: 20. Last time: 5.22s.
Processing news #81. File: 2023-10-3.json. ID: 23. Last time: 6.81s.
Processing news #82. File: 2023-10-3.json. ID: 24. Last time: 6.21s.
Processing news #83. File: 2023-10-3.json. ID: 26. Last time: 6.75s.
Processing news #84. File: 2023-10-3.json. ID: 27. Last time: 5.93s.
Processing news #85. File: 2023-10-3.json. ID: 34. Last time: 7.09s.
Processing news #86. File: 2023-10-3.json. ID: 35. Last time: 7.30s.
Processing news #87. File: 2023-10-3.json. ID: 37. Last time: 9.16s.
Processing news #88. File: 2023-10-3.json. ID: 38. Last time: 5.64s.
Processing news #89. File: 2023-10-3.json. ID: 39. Last time: 9.03s.
Processing news #90. File: 2023-10-3.json. ID: 40. Last time: 5.89s.
Processing news #91. File: 2023-10-3.json. ID: 41. Last time: 6.73s.
Processing news #92. File: 2023-10-3.json. ID: 42. Last time: 4.06s.
Processing news #93. File: 2023-10-3.json. ID: 43. Last time: 6.06s.
Processing news #94. File: 2023-10-3.json. ID: 45. Last time: 2.82s.
Processing news #95. File: 2023-10-4.json. ID: 2. Last time: 5.89s.
Processing news #96. File: 2023-10-4.json. ID: 3. Last time: 5.75s.
Processing news #97. File: 2023-10-4.json. ID: 5. Last time: 7.87s.
Processing news #98. File: 2023-10-4.json. ID: 8. Last time: 8.87s.
Processing news #99. File: 2023-10-4.json. ID: 11. Last time: 6.79s.
Processing news #100. File: 2023-10-4.json. ID: 16. Last time: 1.86s.
Processing news #101. File: 2023-10-4.json. ID: 17. Last time: 5.75s.
Processing news #102. File: 2023-10-4.json. ID: 19. Last time: 5.06s.
Processing news #103. File: 2023-10-4.json. ID: 20. Last time: 9.12s.
Processing news #104. File: 2023-10-4.json. ID: 28. Last time: 6.86s.
Processing news #105. File: 2023-10-4.json. ID: 31. Last time: 6.24s.
Processing news #106. File: 2023-10-4.json. ID: 32. Last time: 6.16s.
Processing news #107. File: 2023-10-4.json. ID: 33. Last time: 4.82s.
Processing news #108. File: 2023-10-4.json. ID: 35. Last time: 8.27s.
Processing news #109. File: 2023-10-4.json. ID: 37. Last time: 3.95s.
Processing news #110. File: 2023-10-4.json. ID: 39. Last time: 6.89s.
Processing news #111. File: 2023-10-4.json. ID: 46. Last time: 2.42s.
Processing news #112. File: 2023-10-5.json. ID: 2. Last time: 10.23s.
Processing news #113. File: 2023-10-5.json. ID: 8. Last time: 7.29s.
Processing news #114. File: 2023-10-5.json. ID: 11. Last time: 5.29s.
Processing news #115. File: 2023-10-5.json. ID: 13. Last time: 8.90s.
Processing news #116. File: 2023-10-5.json. ID: 15. Last time: 4.13s.
Processing news #117. File: 2023-10-5.json. ID: 16. Last time: 8.02s.
Processing news #118. File: 2023-10-5.json. ID: 18. Last time: 6.86s.
Processing news #119. File: 2023-10-5.json. ID: 19. Last time: 7.19s.
Processing news #120. File: 2023-10-5.json. ID: 20. Last time: 5.72s.
Processing news #121. File: 2023-10-5.json. ID: 21. Last time: 6.29s.
Processing news #122. File: 2023-10-5.json. ID: 22. Last time: 4.69s.
Processing news #123. File: 2023-10-5.json. ID: 27. Last time: 6.60s.
Processing news #124. File: 2023-10-5.json. ID: 31. Last time: 8.71s.
Processing news #125. File: 2023-10-5.json. ID: 36. Last time: 4.60s.
Processing news #126. File: 2023-10-5.json. ID: 37. Last time: 5.50s.
Processing news #127. File: 2023-10-5.json. ID: 38. Last time: 7.07s.
Processing news #128. File: 2023-10-5.json. ID: 39. Last time: 7.93s.
Processing news #129. File: 2023-10-5.json. ID: 41. Last time: 6.62s.
Processing news #130. File: 2023-10-5.json. ID: 42. Last time: 5.51s.
Processing news #131. File: 2023-10-5.json. ID: 43. Last time: 6.91s.
Processing news #132. File: 2023-10-5.json. ID: 45. Last time: 10.55s.
Processing news #133. File: 2023-10-5.json. ID: 46. Last time: 5.38s.
Processing news #134. File: 2023-10-5.json. ID: 48. Last time: 5.42s.
Processing news #135. File: 2023-10-5.json. ID: 49. Last time: 8.84s.
Processing news #136. File: 2023-10-5.json. ID: 53. Last time: 9.93s.
Processing news #137. File: 2023-10-5.json. ID: 54. Last time: 10.90s.
Processing news #138. File: 2023-10-6.json. ID: 0. Last time: 6.13s.
Processing news #139. File: 2023-10-6.json. ID: 1. Last time: 1.66s.
Processing news #140. File: 2023-10-6.json. ID: 2. Last time: 4.80s.
Processing news #141. File: 2023-10-6.json. ID: 4. Last time: 8.22s.
Processing news #142. File: 2023-10-6.json. ID: 5. Last time: 7.14s.
Processing news #143. File: 2023-10-6.json. ID: 6. Last time: 5.59s.
Processing news #144. File: 2023-10-6.json. ID: 7. Last time: 6.91s.
Processing news #145. File: 2023-10-6.json. ID: 17. Last time: 4.82s.
Processing news #146. File: 2023-10-6.json. ID: 18. Last time: 7.14s.
Processing news #147. File: 2023-10-6.json. ID: 20. Last time: 5.02s.
Processing news #148. File: 2023-10-6.json. ID: 21. Last time: 5.02s.
Processing news #149. File: 2023-10-6.json. ID: 22. Last time: 9.97s.
Processing news #150. File: 2023-10-6.json. ID: 23. Last time: 3.61s.
Processing news #151. File: 2023-10-6.json. ID: 24. Last time: 9.58s.
Processing news #152. File: 2023-10-6.json. ID: 27. Last time: 6.47s.
Processing news #153. File: 2023-10-6.json. ID: 28. Last time: 4.88s.
Processing news #154. File: 2023-10-6.json. ID: 34. Last time: 4.64s.
Processing news #155. File: 2023-10-6.json. ID: 41. Last time: 4.15s.
Processing news #156. File: 2023-10-6.json. ID: 42. Last time: 4.72s.
Processing news #157. File: 2023-10-6.json. ID: 44. Last time: 6.45s.
Processing news #158. File: 2023-10-7.json. ID: 1. Last time: 9.63s.
Processing news #159. File: 2023-10-7.json. ID: 2. Last time: 5.87s.
Processing news #160. File: 2023-10-7.json. ID: 4. Last time: 9.89s.
Processing news #161. File: 2023-10-7.json. ID: 5. Last time: 5.86s.
Processing news #162. File: 2023-10-7.json. ID: 8. Last time: 4.29s.
Processing news #163. File: 2023-10-7.json. ID: 10. Last time: 5.71s.
Processing news #164. File: 2023-10-7.json. ID: 11. Last time: 8.49s.
Processing news #165. File: 2023-10-7.json. ID: 13. Last time: 9.69s.
Processing news #166. File: 2023-10-7.json. ID: 17. Last time: 6.14s.
Processing news #167. File: 2023-10-7.json. ID: 22. Last time: 7.25s.
Processing news #168. File: 2023-10-7.json. ID: 23. Last time: 8.73s.
Processing news #169. File: 2023-10-7.json. ID: 24. Last time: 3.89s.
Processing news #170. File: 2023-10-7.json. ID: 26. Last time: 8.01s.
Processing news #171. File: 2023-10-7.json. ID: 29. Last time: 4.87s.
Processing news #172. File: 2023-10-8.json. ID: 9. Last time: 6.58s.
Processing news #173. File: 2023-10-8.json. ID: 12. Last time: 8.92s.
Processing news #174. File: 2023-10-8.json. ID: 13. Last time: 6.21s.
Processing news #175. File: 2023-10-8.json. ID: 15. Last time: 9.11s.
Processing news #176. File: 2023-10-8.json. ID: 20. Last time: 5.58s.
Processing news #177. File: 2023-10-8.json. ID: 24. Last time: 4.26s.
Processing news #178. File: 2023-10-8.json. ID: 27. Last time: 5.07s.
Processing news #179. File: 2023-10-8.json. ID: 32. Last time: 6.61s.
Processing news #180. File: 2023-10-8.json. ID: 34. Last time: 5.06s.
Processing news #181. File: 2023-10-8.json. ID: 42. Last time: 4.80s.
Processing news #182. File: 2023-10-8.json. ID: 44. Last time: 6.46s.
Processing news #183. File: 2023-10-8.json. ID: 45. Last time: 2.57s.
Processing news #184. File: 2023-10-8.json. ID: 49. Last time: 5.34s.
Processing news #185. File: 2023-10-8.json. ID: 50. Last time: 8.41s.
Processing news #186. File: 2023-10-8.json. ID: 52. Last time: 5.32s.
Processing news #187. File: 2023-10-9.json. ID: 0. Last time: 6.37s.
Processing news #188. File: 2023-10-9.json. ID: 4. Last time: 6.65s.
Processing news #189. File: 2023-10-9.json. ID: 5. Last time: 3.16s.
Processing news #190. File: 2023-10-9.json. ID: 6. Last time: 3.46s.
Processing news #191. File: 2023-10-9.json. ID: 9. Last time: 7.41s.
Processing news #192. File: 2023-10-9.json. ID: 10. Last time: 5.71s.
Processing news #193. File: 2023-10-9.json. ID: 11. Last time: 5.14s.
Processing news #194. File: 2023-10-9.json. ID: 13. Last time: 5.49s.
Processing news #195. File: 2023-10-9.json. ID: 16. Last time: 6.31s.
Processing news #196. File: 2023-10-9.json. ID: 21. Last time: 8.12s.
Processing news #197. File: 2023-10-9.json. ID: 26. Last time: 4.35s.
Processing news #198. File: 2023-10-9.json. ID: 28. Last time: 7.02s.
Processing news #199. File: 2023-10-9.json. ID: 30. Last time: 4.88s.
Processing news #200. File: 2023-10-9.json. ID: 32. Last time: 3.21s.
Processing news #201. File: 2023-10-9.json. ID: 34. Last time: 2.97s.
Processing news #202. File: 2023-10-9.json. ID: 35. Last time: 4.40s.
Processing news #203. File: 2023-10-9.json. ID: 37. Last time: 9.40s.
Processing news #204. File: 2023-10-9.json. ID: 38. Last time: 5.50s.
Processing news #205. File: 2023-10-9.json. ID: 40. Last time: 3.57s.
Processing news #206. File: 2023-10-9.json. ID: 43. Last time: 8.60s.
Processing news #207. File: 2023-10-9.json. ID: 44. Last time: 4.69s.
Processing news #208. File: 2023-10-9.json. ID: 47. Last time: 4.59s.
Processing news #209. File: 2023-10-9.json. ID: 53. Last time: 8.28s.
Processing news #210. File: 2023-10-9.json. ID: 54. Last time: 5.38s.
Processing news #211. File: 2023-10-9.json. ID: 58. Last time: 7.08s.
Processing news #212. File: 2023-10-9.json. ID: 61. Last time: 4.87s.
Processing news #213. File: 2023-10-9.json. ID: 63. Last time: 8.35s.
Processing news #214. File: 2023-10-9.json. ID: 66. Last time: 5.13s.
Processing news #215. File: 2023-10-9.json. ID: 71. Last time: 3.72s.
Processing news #216. File: 2023-10-9.json. ID: 73. Last time: 5.59s.
Processing news #217. File: 2023-10-9.json. ID: 75. Last time: 5.54s.
Processing news #218. File: 2023-10-9.json. ID: 77. Last time: 7.41s.
Processing news #219. File: 2023-10-9.json. ID: 79. Last time: 8.84s.
Processing news #220. File: 2023-10-10.json. ID: 1. Last time: 5.92s.
Processing news #221. File: 2023-10-10.json. ID: 3. Last time: 6.58s.
Processing news #222. File: 2023-10-10.json. ID: 4. Last time: 8.40s.
Processing news #223. File: 2023-10-10.json. ID: 6. Last time: 5.89s.
Processing news #224. File: 2023-10-10.json. ID: 8. Last time: 4.85s.
Prompt too long: 5308 tokens. Skip news.
Processing news #225. File: 2023-10-10.json. ID: 11. Last time: 0.01s.
Processing news #226. File: 2023-10-10.json. ID: 13. Last time: 5.54s.
Processing news #227. File: 2023-10-10.json. ID: 16. Last time: 4.86s.
Processing news #228. File: 2023-10-10.json. ID: 18. Last time: 4.03s.
Processing news #229. File: 2023-10-10.json. ID: 19. Last time: 4.85s.
Processing news #230. File: 2023-10-10.json. ID: 20. Last time: 4.19s.
Processing news #231. File: 2023-10-10.json. ID: 22. Last time: 6.55s.
Processing news #232. File: 2023-10-10.json. ID: 29. Last time: 5.39s.
Processing news #233. File: 2023-10-10.json. ID: 30. Last time: 4.65s.
Processing news #234. File: 2023-10-10.json. ID: 35. Last time: 2.39s.
Processing news #235. File: 2023-10-10.json. ID: 42. Last time: 2.91s.
Processing news #236. File: 2023-10-10.json. ID: 45. Last time: 8.20s.
Processing news #237. File: 2023-10-10.json. ID: 51. Last time: 5.18s.
Processing news #238. File: 2023-10-10.json. ID: 52. Last time: 4.25s.
Processing news #239. File: 2023-10-10.json. ID: 55. Last time: 8.11s.
Processing news #240. File: 2023-10-10.json. ID: 57. Last time: 3.92s.
Processing news #241. File: 2023-10-10.json. ID: 60. Last time: 4.40s.
Processing news #242. File: 2023-10-10.json. ID: 61. Last time: 8.50s.
Processing news #243. File: 2023-10-10.json. ID: 62. Last time: 5.52s.
Processing news #244. File: 2023-10-10.json. ID: 65. Last time: 3.97s.
Processing news #245. File: 2023-10-10.json. ID: 66. Last time: 3.81s.
Processing news #246. File: 2023-10-10.json. ID: 67. Last time: 7.17s.
Processing news #247. File: 2023-10-10.json. ID: 68. Last time: 5.52s.
Processing news #248. File: 2023-10-10.json. ID: 70. Last time: 8.99s.
Processing news #249. File: 2023-10-10.json. ID: 71. Last time: 6.88s.
Processing news #250. File: 2023-10-10.json. ID: 73. Last time: 4.26s.
Processing news #251. File: 2023-10-10.json. ID: 74. Last time: 6.06s.
Processing news #252. File: 2023-10-10.json. ID: 76. Last time: 4.73s.
Processing news #253. File: 2023-10-10.json. ID: 79. Last time: 8.75s.
Processing news #254. File: 2023-10-10.json. ID: 80. Last time: 6.69s.
Processing news #255. File: 2023-10-10.json. ID: 82. Last time: 4.86s.
Processing news #256. File: 2023-10-10.json. ID: 83. Last time: 5.41s.
Processing news #257. File: 2023-10-10.json. ID: 84. Last time: 6.33s.
Processing news #258. File: 2023-10-10.json. ID: 86. Last time: 5.81s.
Processing news #259. File: 2023-10-10.json. ID: 88. Last time: 7.19s.
Processing news #260. File: 2023-10-10.json. ID: 89. Last time: 4.37s.
Processing news #261. File: 2023-10-11.json. ID: 0. Last time: 7.55s.
Processing news #262. File: 2023-10-11.json. ID: 3. Last time: 7.86s.
Processing news #263. File: 2023-10-11.json. ID: 4. Last time: 4.42s.
Processing news #264. File: 2023-10-11.json. ID: 7. Last time: 6.38s.
Processing news #265. File: 2023-10-11.json. ID: 8. Last time: 9.39s.
Processing news #266. File: 2023-10-11.json. ID: 10. Last time: 7.64s.
Processing news #267. File: 2023-10-11.json. ID: 11. Last time: 8.95s.
Processing news #268. File: 2023-10-11.json. ID: 12. Last time: 5.83s.
Processing news #269. File: 2023-10-11.json. ID: 16. Last time: 6.24s.
Processing news #270. File: 2023-10-11.json. ID: 18. Last time: 3.56s.
Processing news #271. File: 2023-10-11.json. ID: 20. Last time: 2.15s.
Processing news #272. File: 2023-10-11.json. ID: 21. Last time: 2.58s.
Processing news #273. File: 2023-10-11.json. ID: 23. Last time: 4.89s.
Processing news #274. File: 2023-10-11.json. ID: 24. Last time: 6.15s.
Processing news #275. File: 2023-10-11.json. ID: 27. Last time: 7.10s.
Processing news #276. File: 2023-10-11.json. ID: 29. Last time: 5.14s.
Processing news #277. File: 2023-10-11.json. ID: 32. Last time: 4.75s.
Processing news #278. File: 2023-10-11.json. ID: 33. Last time: 7.02s.
Processing news #279. File: 2023-10-11.json. ID: 34. Last time: 5.27s.
Processing news #280. File: 2023-10-11.json. ID: 35. Last time: 6.25s.
Processing news #281. File: 2023-10-11.json. ID: 37. Last time: 5.62s.
Processing news #282. File: 2023-10-11.json. ID: 38. Last time: 5.97s.
Processing news #283. File: 2023-10-11.json. ID: 40. Last time: 3.64s.
Processing news #284. File: 2023-10-11.json. ID: 42. Last time: 3.86s.
Processing news #285. File: 2023-10-11.json. ID: 44. Last time: 5.12s.
Processing news #286. File: 2023-10-11.json. ID: 52. Last time: 4.34s.
Processing news #287. File: 2023-10-11.json. ID: 57. Last time: 5.00s.
Processing news #288. File: 2023-10-11.json. ID: 59. Last time: 4.48s.
Processing news #289. File: 2023-10-11.json. ID: 62. Last time: 3.26s.
Processing news #290. File: 2023-10-11.json. ID: 63. Last time: 5.14s.
Processing news #291. File: 2023-10-11.json. ID: 66. Last time: 5.12s.
Processing news #292. File: 2023-10-11.json. ID: 67. Last time: 4.31s.
Processing news #293. File: 2023-10-11.json. ID: 68. Last time: 3.06s.
Processing news #294. File: 2023-10-11.json. ID: 71. Last time: 6.87s.
Processing news #295. File: 2023-10-11.json. ID: 72. Last time: 6.06s.
Processing news #296. File: 2023-10-11.json. ID: 76. Last time: 5.36s.
Processing news #297. File: 2023-10-12.json. ID: 2. Last time: 5.11s.
Processing news #298. File: 2023-10-12.json. ID: 5. Last time: 3.48s.
Processing news #299. File: 2023-10-12.json. ID: 7. Last time: 5.05s.
Processing news #300. File: 2023-10-12.json. ID: 8. Last time: 8.14s.
Processing news #301. File: 2023-10-12.json. ID: 9. Last time: 6.00s.
Processing news #302. File: 2023-10-12.json. ID: 17. Last time: 6.95s.
Processing news #303. File: 2023-10-12.json. ID: 19. Last time: 2.73s.
Processing news #304. File: 2023-10-12.json. ID: 21. Last time: 4.79s.
Processing news #305. File: 2023-10-12.json. ID: 25. Last time: 5.79s.
Processing news #306. File: 2023-10-12.json. ID: 26. Last time: 8.63s.
Processing news #307. File: 2023-10-12.json. ID: 28. Last time: 5.80s.
Processing news #308. File: 2023-10-12.json. ID: 29. Last time: 4.90s.
Processing news #309. File: 2023-10-12.json. ID: 30. Last time: 5.88s.
Processing news #310. File: 2023-10-12.json. ID: 35. Last time: 5.21s.
Processing news #311. File: 2023-10-12.json. ID: 36. Last time: 8.96s.
Processing news #312. File: 2023-10-12.json. ID: 38. Last time: 5.35s.
Processing news #313. File: 2023-10-12.json. ID: 39. Last time: 4.48s.
Processing news #314. File: 2023-10-12.json. ID: 41. Last time: 7.79s.
Processing news #315. File: 2023-10-12.json. ID: 42. Last time: 6.82s.
Processing news #316. File: 2023-10-12.json. ID: 43. Last time: 4.39s.
Processing news #317. File: 2023-10-12.json. ID: 44. Last time: 7.78s.
Processing news #318. File: 2023-10-12.json. ID: 45. Last time: 3.88s.
Processing news #319. File: 2023-10-12.json. ID: 46. Last time: 4.50s.
Processing news #320. File: 2023-10-12.json. ID: 47. Last time: 8.71s.
Processing news #321. File: 2023-10-12.json. ID: 48. Last time: 5.90s.
Processing news #322. File: 2023-10-12.json. ID: 50. Last time: 6.06s.
Processing news #323. File: 2023-10-12.json. ID: 52. Last time: 2.97s.
Processing news #324. File: 2023-10-12.json. ID: 54. Last time: 6.52s.
Processing news #325. File: 2023-10-12.json. ID: 55. Last time: 6.13s.
Processing news #326. File: 2023-10-13.json. ID: 0. Last time: 9.24s.
Prompt too long: 4093 tokens. Skip news.
Processing news #327. File: 2023-10-13.json. ID: 1. Last time: 0.01s.
Processing news #328. File: 2023-10-13.json. ID: 3. Last time: 6.39s.
Processing news #329. File: 2023-10-13.json. ID: 4. Last time: 1.87s.
Processing news #330. File: 2023-10-13.json. ID: 6. Last time: 6.75s.
Processing news #331. File: 2023-10-13.json. ID: 9. Last time: 5.86s.
Processing news #332. File: 2023-10-13.json. ID: 10. Last time: 6.40s.
Processing news #333. File: 2023-10-13.json. ID: 11. Last time: 5.70s.
Processing news #334. File: 2023-10-13.json. ID: 14. Last time: 5.14s.
Processing news #335. File: 2023-10-13.json. ID: 15. Last time: 4.42s.
Processing news #336. File: 2023-10-13.json. ID: 16. Last time: 6.05s.
Processing news #337. File: 2023-10-13.json. ID: 17. Last time: 3.07s.
Processing news #338. File: 2023-10-13.json. ID: 19. Last time: 6.00s.
Processing news #339. File: 2023-10-13.json. ID: 21. Last time: 5.24s.
Processing news #340. File: 2023-10-13.json. ID: 24. Last time: 5.08s.
Processing news #341. File: 2023-10-13.json. ID: 25. Last time: 3.92s.
Processing news #342. File: 2023-10-13.json. ID: 26. Last time: 7.06s.
Processing news #343. File: 2023-10-13.json. ID: 27. Last time: 3.64s.
Processing news #344. File: 2023-10-13.json. ID: 28. Last time: 4.60s.
Processing news #345. File: 2023-10-13.json. ID: 29. Last time: 6.10s.
Processing news #346. File: 2023-10-13.json. ID: 33. Last time: 6.94s.
Processing news #347. File: 2023-10-13.json. ID: 34. Last time: 5.74s.
Processing news #348. File: 2023-10-13.json. ID: 35. Last time: 5.10s.
Processing news #349. File: 2023-10-13.json. ID: 36. Last time: 6.07s.
Processing news #350. File: 2023-10-13.json. ID: 37. Last time: 6.38s.
Processing news #351. File: 2023-10-13.json. ID: 38. Last time: 9.03s.
Processing news #352. File: 2023-10-13.json. ID: 39. Last time: 4.05s.
Processing news #353. File: 2023-10-13.json. ID: 40. Last time: 5.39s.
Processing news #354. File: 2023-10-14.json. ID: 0. Last time: 9.70s.
Processing news #355. File: 2023-10-14.json. ID: 1. Last time: 6.72s.
Processing news #356. File: 2023-10-14.json. ID: 2. Last time: 8.56s.
Processing news #357. File: 2023-10-14.json. ID: 6. Last time: 4.26s.
Processing news #358. File: 2023-10-14.json. ID: 8. Last time: 4.73s.
Processing news #359. File: 2023-10-14.json. ID: 9. Last time: 4.25s.
Processing news #360. File: 2023-10-14.json. ID: 12. Last time: 4.40s.
Processing news #361. File: 2023-10-14.json. ID: 14. Last time: 4.73s.
Processing news #362. File: 2023-10-14.json. ID: 15. Last time: 4.22s.
Processing news #363. File: 2023-10-14.json. ID: 18. Last time: 5.61s.
Processing news #364. File: 2023-10-14.json. ID: 19. Last time: 6.13s.
Processing news #365. File: 2023-10-15.json. ID: 6. Last time: 7.26s.
Processing news #366. File: 2023-10-15.json. ID: 10. Last time: 5.00s.
Processing news #367. File: 2023-10-15.json. ID: 16. Last time: 6.11s.
Processing news #368. File: 2023-10-15.json. ID: 23. Last time: 4.93s.
Processing news #369. File: 2023-10-15.json. ID: 24. Last time: 4.72s.
Processing news #370. File: 2023-10-15.json. ID: 25. Last time: 3.00s.
Processing news #371. File: 2023-10-15.json. ID: 26. Last time: 8.07s.
Processing news #372. File: 2023-10-15.json. ID: 40. Last time: 6.00s.
Processing news #373. File: 2023-10-15.json. ID: 41. Last time: 7.27s.
Processing news #374. File: 2023-10-16.json. ID: 1. Last time: 6.01s.
Processing news #375. File: 2023-10-16.json. ID: 2. Last time: 7.85s.
Processing news #376. File: 2023-10-16.json. ID: 5. Last time: 9.30s.
Processing news #377. File: 2023-10-16.json. ID: 6. Last time: 2.82s.
Processing news #378. File: 2023-10-16.json. ID: 7. Last time: 5.84s.
Processing news #379. File: 2023-10-16.json. ID: 15. Last time: 9.12s.
Processing news #380. File: 2023-10-16.json. ID: 16. Last time: 4.42s.
Processing news #381. File: 2023-10-16.json. ID: 18. Last time: 4.89s.
Processing news #382. File: 2023-10-16.json. ID: 21. Last time: 5.58s.
Processing news #383. File: 2023-10-16.json. ID: 22. Last time: 6.11s.
Processing news #384. File: 2023-10-16.json. ID: 25. Last time: 4.87s.
Processing news #385. File: 2023-10-16.json. ID: 26. Last time: 6.27s.
Processing news #386. File: 2023-10-16.json. ID: 27. Last time: 4.80s.
Processing news #387. File: 2023-10-16.json. ID: 30. Last time: 4.61s.
Processing news #388. File: 2023-10-16.json. ID: 39. Last time: 5.37s.
Processing news #389. File: 2023-10-16.json. ID: 40. Last time: 8.71s.
Processing news #390. File: 2023-10-16.json. ID: 43. Last time: 5.13s.
Processing news #391. File: 2023-10-16.json. ID: 45. Last time: 6.35s.
Processing news #392. File: 2023-10-16.json. ID: 52. Last time: 7.94s.
Processing news #393. File: 2023-10-16.json. ID: 54. Last time: 6.76s.
Processing news #394. File: 2023-10-16.json. ID: 55. Last time: 3.96s.
Processing news #395. File: 2023-10-16.json. ID: 56. Last time: 4.09s.
Processing news #396. File: 2023-10-16.json. ID: 57. Last time: 4.82s.
Processing news #397. File: 2023-10-16.json. ID: 59. Last time: 5.11s.
Processing news #398. File: 2023-10-16.json. ID: 62. Last time: 8.84s.
Processing news #399. File: 2023-10-16.json. ID: 64. Last time: 4.79s.
Processing news #400. File: 2023-10-17.json. ID: 1. Last time: 4.88s.
Processing news #401. File: 2023-10-17.json. ID: 4. Last time: 5.60s.
Processing news #402. File: 2023-10-17.json. ID: 7. Last time: 6.00s.
Processing news #403. File: 2023-10-17.json. ID: 8. Last time: 8.89s.
Processing news #404. File: 2023-10-17.json. ID: 9. Last time: 5.54s.
Processing news #405. File: 2023-10-17.json. ID: 13. Last time: 5.92s.
Processing news #406. File: 2023-10-17.json. ID: 16. Last time: 5.16s.
Processing news #407. File: 2023-10-17.json. ID: 18. Last time: 5.36s.
Processing news #408. File: 2023-10-17.json. ID: 19. Last time: 4.83s.
Processing news #409. File: 2023-10-17.json. ID: 20. Last time: 4.94s.
Processing news #410. File: 2023-10-17.json. ID: 21. Last time: 6.99s.
Processing news #411. File: 2023-10-17.json. ID: 25. Last time: 5.36s.
Processing news #412. File: 2023-10-17.json. ID: 28. Last time: 5.49s.
Processing news #413. File: 2023-10-17.json. ID: 29. Last time: 2.07s.
Processing news #414. File: 2023-10-17.json. ID: 36. Last time: 5.32s.
Processing news #415. File: 2023-10-17.json. ID: 39. Last time: 3.85s.
Processing news #416. File: 2023-10-17.json. ID: 41. Last time: 4.58s.
Processing news #417. File: 2023-10-17.json. ID: 45. Last time: 8.50s.
Processing news #418. File: 2023-10-17.json. ID: 46. Last time: 2.91s.
Processing news #419. File: 2023-10-17.json. ID: 48. Last time: 5.61s.
Processing news #420. File: 2023-10-17.json. ID: 53. Last time: 4.02s.
Processing news #421. File: 2023-10-17.json. ID: 54. Last time: 8.74s.
Processing news #422. File: 2023-10-17.json. ID: 55. Last time: 7.44s.
Processing news #423. File: 2023-10-17.json. ID: 58. Last time: 4.70s.
Processing news #424. File: 2023-10-17.json. ID: 64. Last time: 4.69s.
Processing news #425. File: 2023-10-17.json. ID: 67. Last time: 5.23s.
Processing news #426. File: 2023-10-17.json. ID: 71. Last time: 5.61s.
Processing news #427. File: 2023-10-17.json. ID: 72. Last time: 7.10s.
Processing news #428. File: 2023-10-18.json. ID: 0. Last time: 6.46s.
Processing news #429. File: 2023-10-18.json. ID: 2. Last time: 6.52s.
Processing news #430. File: 2023-10-18.json. ID: 3. Last time: 3.43s.
Processing news #431. File: 2023-10-18.json. ID: 7. Last time: 10.89s.
Processing news #432. File: 2023-10-18.json. ID: 10. Last time: 6.96s.
Processing news #433. File: 2023-10-18.json. ID: 11. Last time: 6.38s.
Processing news #434. File: 2023-10-18.json. ID: 13. Last time: 5.10s.
Processing news #435. File: 2023-10-18.json. ID: 16. Last time: 5.40s.
Processing news #436. File: 2023-10-18.json. ID: 20. Last time: 3.85s.
Processing news #437. File: 2023-10-18.json. ID: 26. Last time: 6.51s.
Processing news #438. File: 2023-10-18.json. ID: 27. Last time: 5.30s.
Processing news #439. File: 2023-10-18.json. ID: 28. Last time: 4.56s.
Processing news #440. File: 2023-10-18.json. ID: 31. Last time: 7.40s.
Processing news #441. File: 2023-10-18.json. ID: 34. Last time: 5.91s.
Processing news #442. File: 2023-10-18.json. ID: 35. Last time: 7.05s.
Processing news #443. File: 2023-10-18.json. ID: 40. Last time: 7.34s.
Processing news #444. File: 2023-10-18.json. ID: 43. Last time: 3.47s.
Processing news #445. File: 2023-10-18.json. ID: 45. Last time: 6.06s.
Processing news #446. File: 2023-10-18.json. ID: 47. Last time: 6.57s.
Processing news #447. File: 2023-10-18.json. ID: 53. Last time: 8.65s.
Processing news #448. File: 2023-10-18.json. ID: 56. Last time: 4.60s.
Processing news #449. File: 2023-10-18.json. ID: 58. Last time: 2.65s.
Processing news #450. File: 2023-10-18.json. ID: 59. Last time: 4.73s.
Processing news #451. File: 2023-10-18.json. ID: 60. Last time: 4.55s.
Processing news #452. File: 2023-10-18.json. ID: 62. Last time: 3.42s.
Processing news #453. File: 2023-10-18.json. ID: 65. Last time: 3.91s.
Processing news #454. File: 2023-10-18.json. ID: 68. Last time: 5.23s.
Processing news #455. File: 2023-10-18.json. ID: 69. Last time: 4.38s.
Processing news #456. File: 2023-10-18.json. ID: 70. Last time: 5.18s.
Processing news #457. File: 2023-10-18.json. ID: 72. Last time: 4.66s.
Processing news #458. File: 2023-10-18.json. ID: 77. Last time: 4.74s.
Processing news #459. File: 2023-10-18.json. ID: 78. Last time: 4.09s.
Processing news #460. File: 2023-10-18.json. ID: 84. Last time: 5.93s.
Prompt too long: 8586 tokens. Skip news.
Processing news #461. File: 2023-10-18.json. ID: 88. Last time: 0.03s.
Processing news #462. File: 2023-10-18.json. ID: 89. Last time: 5.29s.
Processing news #463. File: 2023-10-18.json. ID: 91. Last time: 6.30s.
Processing news #464. File: 2023-10-19.json. ID: 1. Last time: 5.14s.
Processing news #465. File: 2023-10-19.json. ID: 3. Last time: 6.17s.
Processing news #466. File: 2023-10-19.json. ID: 6. Last time: 7.79s.
Processing news #467. File: 2023-10-19.json. ID: 9. Last time: 3.81s.
Processing news #468. File: 2023-10-19.json. ID: 11. Last time: 3.35s.
Processing news #469. File: 2023-10-19.json. ID: 16. Last time: 4.95s.
Processing news #470. File: 2023-10-19.json. ID: 17. Last time: 5.79s.
Processing news #471. File: 2023-10-19.json. ID: 18. Last time: 7.55s.
Processing news #472. File: 2023-10-19.json. ID: 19. Last time: 3.58s.
Processing news #473. File: 2023-10-19.json. ID: 20. Last time: 5.48s.
Processing news #474. File: 2023-10-19.json. ID: 21. Last time: 4.82s.
Processing news #475. File: 2023-10-19.json. ID: 22. Last time: 4.46s.
Processing news #476. File: 2023-10-19.json. ID: 25. Last time: 6.49s.
Processing news #477. File: 2023-10-19.json. ID: 26. Last time: 2.61s.
Processing news #478. File: 2023-10-19.json. ID: 27. Last time: 4.15s.
Processing news #479. File: 2023-10-19.json. ID: 30. Last time: 6.47s.
Processing news #480. File: 2023-10-19.json. ID: 31. Last time: 7.06s.
Processing news #481. File: 2023-10-19.json. ID: 32. Last time: 6.31s.
Processing news #482. File: 2023-10-19.json. ID: 33. Last time: 6.46s.
Processing news #483. File: 2023-10-19.json. ID: 37. Last time: 5.26s.
Processing news #484. File: 2023-10-19.json. ID: 38. Last time: 6.91s.
Processing news #485. File: 2023-10-19.json. ID: 39. Last time: 5.78s.
Processing news #486. File: 2023-10-19.json. ID: 41. Last time: 9.13s.
Processing news #487. File: 2023-10-19.json. ID: 43. Last time: 9.83s.
Processing news #488. File: 2023-10-19.json. ID: 44. Last time: 9.22s.
Processing news #489. File: 2023-10-19.json. ID: 45. Last time: 6.64s.
Processing news #490. File: 2023-10-19.json. ID: 46. Last time: 5.51s.
Processing news #491. File: 2023-10-19.json. ID: 47. Last time: 4.53s.
Processing news #492. File: 2023-10-19.json. ID: 50. Last time: 5.79s.
Processing news #493. File: 2023-10-19.json. ID: 51. Last time: 4.23s.
Processing news #494. File: 2023-10-19.json. ID: 54. Last time: 3.95s.
Processing news #495. File: 2023-10-19.json. ID: 55. Last time: 4.66s.
Processing news #496. File: 2023-10-19.json. ID: 56. Last time: 7.96s.
Processing news #497. File: 2023-10-19.json. ID: 58. Last time: 9.05s.
Processing news #498. File: 2023-10-19.json. ID: 60. Last time: 4.89s.
Processing news #499. File: 2023-10-19.json. ID: 61. Last time: 8.66s.
Processing news #500. File: 2023-10-19.json. ID: 64. Last time: 7.73s.
Processing news #501. File: 2023-10-19.json. ID: 65. Last time: 5.71s.
Processing news #502. File: 2023-10-19.json. ID: 66. Last time: 3.57s.
Processing news #503. File: 2023-10-19.json. ID: 67. Last time: 10.15s.
Processing news #504. File: 2023-10-19.json. ID: 68. Last time: 9.10s.
Processing news #505. File: 2023-10-19.json. ID: 71. Last time: 6.23s.
Processing news #506. File: 2023-10-19.json. ID: 72. Last time: 7.11s.
Processing news #507. File: 2023-10-19.json. ID: 73. Last time: 3.34s.
Prompt too long: 13036 tokens. Skip news.
Processing news #508. File: 2023-10-19.json. ID: 74. Last time: 0.03s.
Processing news #509. File: 2023-10-19.json. ID: 75. Last time: 4.26s.
Processing news #510. File: 2023-10-19.json. ID: 78. Last time: 3.46s.
Processing news #511. File: 2023-10-19.json. ID: 81. Last time: 5.92s.
Processing news #512. File: 2023-10-19.json. ID: 82. Last time: 6.43s.
Processing news #513. File: 2023-10-19.json. ID: 83. Last time: 5.18s.
Processing news #514. File: 2023-10-20.json. ID: 0. Last time: 7.31s.
Processing news #515. File: 2023-10-20.json. ID: 1. Last time: 2.97s.
Processing news #516. File: 2023-10-20.json. ID: 4. Last time: 8.96s.
Processing news #517. File: 2023-10-20.json. ID: 5. Last time: 6.49s.
Processing news #518. File: 2023-10-20.json. ID: 6. Last time: 2.06s.
Processing news #519. File: 2023-10-20.json. ID: 8. Last time: 3.20s.
Processing news #520. File: 2023-10-20.json. ID: 11. Last time: 8.68s.
Processing news #521. File: 2023-10-20.json. ID: 16. Last time: 3.76s.
Processing news #522. File: 2023-10-20.json. ID: 17. Last time: 2.42s.
Processing news #523. File: 2023-10-20.json. ID: 18. Last time: 3.39s.
Processing news #524. File: 2023-10-20.json. ID: 20. Last time: 5.13s.
Processing news #525. File: 2023-10-20.json. ID: 21. Last time: 3.26s.
Processing news #526. File: 2023-10-20.json. ID: 24. Last time: 4.44s.
Processing news #527. File: 2023-10-20.json. ID: 27. Last time: 4.17s.
Processing news #528. File: 2023-10-20.json. ID: 28. Last time: 3.97s.
Processing news #529. File: 2023-10-20.json. ID: 31. Last time: 4.23s.
Processing news #530. File: 2023-10-20.json. ID: 33. Last time: 4.76s.
Processing news #531. File: 2023-10-20.json. ID: 34. Last time: 5.17s.
Processing news #532. File: 2023-10-20.json. ID: 35. Last time: 7.01s.
Processing news #533. File: 2023-10-20.json. ID: 36. Last time: 2.98s.
Processing news #534. File: 2023-10-20.json. ID: 38. Last time: 8.33s.
Processing news #535. File: 2023-10-20.json. ID: 43. Last time: 5.64s.
Processing news #536. File: 2023-10-20.json. ID: 44. Last time: 6.35s.
Processing news #537. File: 2023-10-20.json. ID: 46. Last time: 7.97s.
Processing news #538. File: 2023-10-20.json. ID: 47. Last time: 5.50s.
Processing news #539. File: 2023-10-21.json. ID: 0. Last time: 5.87s.
Processing news #540. File: 2023-10-21.json. ID: 3. Last time: 7.01s.
Processing news #541. File: 2023-10-21.json. ID: 5. Last time: 5.58s.
Processing news #542. File: 2023-10-21.json. ID: 6. Last time: 4.16s.
Processing news #543. File: 2023-10-21.json. ID: 9. Last time: 6.14s.
Processing news #544. File: 2023-10-21.json. ID: 15. Last time: 6.45s.
Processing news #545. File: 2023-10-21.json. ID: 17. Last time: 8.14s.
Processing news #546. File: 2023-10-21.json. ID: 20. Last time: 5.73s.
Processing news #547. File: 2023-10-21.json. ID: 21. Last time: 6.92s.
Processing news #548. File: 2023-10-21.json. ID: 25. Last time: 4.13s.
Processing news #549. File: 2023-10-21.json. ID: 26. Last time: 4.94s.
Processing news #550. File: 2023-10-21.json. ID: 29. Last time: 4.37s.
Processing news #551. File: 2023-10-22.json. ID: 3. Last time: 4.92s.
Processing news #552. File: 2023-10-22.json. ID: 4. Last time: 6.35s.
Processing news #553. File: 2023-10-22.json. ID: 5. Last time: 7.06s.
Processing news #554. File: 2023-10-22.json. ID: 22. Last time: 4.48s.
Processing news #555. File: 2023-10-22.json. ID: 26. Last time: 6.03s.
Processing news #556. File: 2023-10-22.json. ID: 30. Last time: 4.10s.
Processing news #557. File: 2023-10-22.json. ID: 43. Last time: 5.49s.
Processing news #558. File: 2023-10-22.json. ID: 47. Last time: 4.33s.
Processing news #559. File: 2023-10-22.json. ID: 53. Last time: 4.26s.
Processing news #560. File: 2023-10-22.json. ID: 67. Last time: 9.22s.
Processing news #561. File: 2023-10-22.json. ID: 81. Last time: 3.80s.
Processing news #562. File: 2023-10-23.json. ID: 0. Last time: 2.93s.
Prompt too long: 4617 tokens. Skip news.
Processing news #563. File: 2023-10-23.json. ID: 1. Last time: 0.01s.
Processing news #564. File: 2023-10-23.json. ID: 2. Last time: 6.40s.
Processing news #565. File: 2023-10-23.json. ID: 12. Last time: 4.83s.
Processing news #566. File: 2023-10-23.json. ID: 15. Last time: 6.48s.
Processing news #567. File: 2023-10-23.json. ID: 17. Last time: 6.08s.
Processing news #568. File: 2023-10-23.json. ID: 18. Last time: 7.32s.
Processing news #569. File: 2023-10-23.json. ID: 19. Last time: 7.33s.
Processing news #570. File: 2023-10-23.json. ID: 20. Last time: 4.37s.
Processing news #571. File: 2023-10-23.json. ID: 22. Last time: 5.01s.
Processing news #572. File: 2023-10-23.json. ID: 23. Last time: 5.31s.
Processing news #573. File: 2023-10-23.json. ID: 24. Last time: 3.51s.
Processing news #574. File: 2023-10-23.json. ID: 25. Last time: 7.67s.
Processing news #575. File: 2023-10-23.json. ID: 26. Last time: 5.50s.
Processing news #576. File: 2023-10-23.json. ID: 27. Last time: 6.32s.
Processing news #577. File: 2023-10-23.json. ID: 28. Last time: 4.54s.
Processing news #578. File: 2023-10-23.json. ID: 29. Last time: 5.57s.
Processing news #579. File: 2023-10-23.json. ID: 30. Last time: 8.14s.
Processing news #580. File: 2023-10-23.json. ID: 31. Last time: 8.84s.
Processing news #581. File: 2023-10-23.json. ID: 34. Last time: 5.57s.
Processing news #582. File: 2023-10-23.json. ID: 35. Last time: 6.14s.
Processing news #583. File: 2023-10-23.json. ID: 36. Last time: 8.67s.
Processing news #584. File: 2023-10-23.json. ID: 37. Last time: 4.29s.
Processing news #585. File: 2023-10-23.json. ID: 39. Last time: 5.49s.
Processing news #586. File: 2023-10-23.json. ID: 40. Last time: 5.49s.
Processing news #587. File: 2023-10-23.json. ID: 41. Last time: 6.33s.
Processing news #588. File: 2023-10-23.json. ID: 44. Last time: 6.57s.
Processing news #589. File: 2023-10-23.json. ID: 45. Last time: 8.72s.
Processing news #590. File: 2023-10-23.json. ID: 46. Last time: 5.22s.
Processing news #591. File: 2023-10-23.json. ID: 48. Last time: 9.01s.
Processing news #592. File: 2023-10-23.json. ID: 49. Last time: 7.41s.
Processing news #593. File: 2023-10-23.json. ID: 50. Last time: 8.65s.
Processing news #594. File: 2023-10-23.json. ID: 51. Last time: 4.78s.
Processing news #595. File: 2023-10-23.json. ID: 52. Last time: 6.72s.
Processing news #596. File: 2023-10-23.json. ID: 54. Last time: 4.21s.
Processing news #597. File: 2023-10-23.json. ID: 55. Last time: 8.46s.
Processing news #598. File: 2023-10-23.json. ID: 56. Last time: 8.26s.
Processing news #599. File: 2023-10-23.json. ID: 57. Last time: 6.12s.
Processing news #600. File: 2023-10-23.json. ID: 58. Last time: 4.38s.
Processing news #601. File: 2023-10-23.json. ID: 59. Last time: 7.25s.
Processing news #602. File: 2023-10-23.json. ID: 60. Last time: 7.86s.
Processing news #603. File: 2023-10-23.json. ID: 61. Last time: 5.11s.
Processing news #604. File: 2023-10-23.json. ID: 62. Last time: 6.35s.
Processing news #605. File: 2023-10-23.json. ID: 63. Last time: 4.80s.
Processing news #606. File: 2023-10-23.json. ID: 64. Last time: 4.93s.
Processing news #607. File: 2023-10-23.json. ID: 65. Last time: 8.51s.
Processing news #608. File: 2023-10-23.json. ID: 66. Last time: 4.44s.
Processing news #609. File: 2023-10-23.json. ID: 67. Last time: 6.83s.
Processing news #610. File: 2023-10-23.json. ID: 68. Last time: 7.05s.
Processing news #611. File: 2023-10-23.json. ID: 69. Last time: 6.15s.
Processing news #612. File: 2023-10-23.json. ID: 72. Last time: 8.58s.
Processing news #613. File: 2023-10-23.json. ID: 73. Last time: 9.41s.
Processing news #614. File: 2023-10-23.json. ID: 74. Last time: 4.97s.
Processing news #615. File: 2023-10-23.json. ID: 75. Last time: 4.93s.
Processing news #616. File: 2023-10-23.json. ID: 78. Last time: 6.11s.
Processing news #617. File: 2023-10-23.json. ID: 79. Last time: 8.22s.
Processing news #618. File: 2023-10-23.json. ID: 80. Last time: 6.58s.
Processing news #619. File: 2023-10-23.json. ID: 81. Last time: 8.69s.
Processing news #620. File: 2023-10-23.json. ID: 82. Last time: 6.01s.
Processing news #621. File: 2023-10-23.json. ID: 83. Last time: 8.28s.
Processing news #622. File: 2023-10-23.json. ID: 87. Last time: 8.45s.
Processing news #623. File: 2023-10-23.json. ID: 88. Last time: 5.79s.
Processing news #624. File: 2023-10-23.json. ID: 89. Last time: 6.22s.
Processing news #625. File: 2023-10-23.json. ID: 90. Last time: 8.01s.
Processing news #626. File: 2023-10-23.json. ID: 91. Last time: 8.68s.
Processing news #627. File: 2023-10-23.json. ID: 92. Last time: 4.44s.
Processing news #628. File: 2023-10-23.json. ID: 93. Last time: 5.65s.
Processing news #629. File: 2023-10-23.json. ID: 95. Last time: 4.60s.
Processing news #630. File: 2023-10-23.json. ID: 96. Last time: 5.12s.
Processing news #631. File: 2023-10-23.json. ID: 97. Last time: 4.23s.
Processing news #632. File: 2023-10-23.json. ID: 98. Last time: 5.83s.
Processing news #633. File: 2023-10-23.json. ID: 99. Last time: 5.73s.
Processing news #634. File: 2023-10-24.json. ID: 4. Last time: 5.03s.
Processing news #635. File: 2023-10-24.json. ID: 5. Last time: 6.54s.
Processing news #636. File: 2023-10-24.json. ID: 7. Last time: 6.30s.
Processing news #637. File: 2023-10-24.json. ID: 8. Last time: 5.61s.
Processing news #638. File: 2023-10-24.json. ID: 10. Last time: 5.68s.
Processing news #639. File: 2023-10-24.json. ID: 12. Last time: 6.81s.
Processing news #640. File: 2023-10-24.json. ID: 16. Last time: 6.01s.
Processing news #641. File: 2023-10-24.json. ID: 17. Last time: 6.00s.
Processing news #642. File: 2023-10-24.json. ID: 20. Last time: 6.29s.
Processing news #643. File: 2023-10-24.json. ID: 21. Last time: 3.41s.
Processing news #644. File: 2023-10-24.json. ID: 22. Last time: 5.59s.
Processing news #645. File: 2023-10-24.json. ID: 23. Last time: 4.61s.
Processing news #646. File: 2023-10-24.json. ID: 25. Last time: 4.17s.
Processing news #647. File: 2023-10-24.json. ID: 26. Last time: 6.49s.
Processing news #648. File: 2023-10-24.json. ID: 27. Last time: 8.44s.
Processing news #649. File: 2023-10-24.json. ID: 29. Last time: 5.91s.
Processing news #650. File: 2023-10-24.json. ID: 31. Last time: 5.10s.
Processing news #651. File: 2023-10-24.json. ID: 35. Last time: 4.36s.
Processing news #652. File: 2023-10-24.json. ID: 38. Last time: 5.59s.
Processing news #653. File: 2023-10-24.json. ID: 44. Last time: 5.56s.
Processing news #654. File: 2023-10-24.json. ID: 49. Last time: 6.61s.
Processing news #655. File: 2023-10-24.json. ID: 52. Last time: 5.43s.
Processing news #656. File: 2023-10-24.json. ID: 57. Last time: 5.50s.
Processing news #657. File: 2023-10-24.json. ID: 59. Last time: 7.72s.
Processing news #658. File: 2023-10-24.json. ID: 69. Last time: 4.55s.
Processing news #659. File: 2023-10-24.json. ID: 71. Last time: 5.39s.
Processing news #660. File: 2023-10-25.json. ID: 2. Last time: 5.58s.
Processing news #661. File: 2023-10-25.json. ID: 3. Last time: 5.18s.
Processing news #662. File: 2023-10-25.json. ID: 4. Last time: 5.16s.
Processing news #663. File: 2023-10-25.json. ID: 6. Last time: 7.71s.
Processing news #664. File: 2023-10-25.json. ID: 8. Last time: 4.93s.
Processing news #665. File: 2023-10-25.json. ID: 10. Last time: 4.20s.
Processing news #666. File: 2023-10-25.json. ID: 11. Last time: 8.63s.
Processing news #667. File: 2023-10-25.json. ID: 16. Last time: 4.62s.
Processing news #668. File: 2023-10-25.json. ID: 17. Last time: 1.49s.
Processing news #669. File: 2023-10-25.json. ID: 18. Last time: 6.24s.
Processing news #670. File: 2023-10-25.json. ID: 20. Last time: 7.26s.
Processing news #671. File: 2023-10-25.json. ID: 21. Last time: 3.45s.
Processing news #672. File: 2023-10-25.json. ID: 22. Last time: 6.60s.
Processing news #673. File: 2023-10-25.json. ID: 25. Last time: 4.86s.
Processing news #674. File: 2023-10-25.json. ID: 26. Last time: 5.43s.
Processing news #675. File: 2023-10-25.json. ID: 27. Last time: 4.28s.
Processing news #676. File: 2023-10-25.json. ID: 29. Last time: 6.10s.
Processing news #677. File: 2023-10-25.json. ID: 31. Last time: 4.64s.
Processing news #678. File: 2023-10-25.json. ID: 33. Last time: 5.69s.
Processing news #679. File: 2023-10-25.json. ID: 35. Last time: 5.58s.
Processing news #680. File: 2023-10-25.json. ID: 36. Last time: 4.90s.
Processing news #681. File: 2023-10-25.json. ID: 37. Last time: 3.74s.
Processing news #682. File: 2023-10-25.json. ID: 39. Last time: 5.86s.
Processing news #683. File: 2023-10-25.json. ID: 40. Last time: 3.83s.
Processing news #684. File: 2023-10-25.json. ID: 41. Last time: 5.59s.
Processing news #685. File: 2023-10-25.json. ID: 42. Last time: 7.26s.
Processing news #686. File: 2023-10-25.json. ID: 45. Last time: 6.82s.
Processing news #687. File: 2023-10-25.json. ID: 46. Last time: 6.30s.
Processing news #688. File: 2023-10-25.json. ID: 47. Last time: 6.95s.
Processing news #689. File: 2023-10-25.json. ID: 48. Last time: 5.41s.
Processing news #690. File: 2023-10-25.json. ID: 51. Last time: 5.46s.
Processing news #691. File: 2023-10-25.json. ID: 55. Last time: 10.21s.
Processing news #692. File: 2023-10-25.json. ID: 59. Last time: 5.51s.
Processing news #693. File: 2023-10-25.json. ID: 60. Last time: 7.68s.
Processing news #694. File: 2023-10-25.json. ID: 61. Last time: 5.82s.
Processing news #695. File: 2023-10-25.json. ID: 63. Last time: 5.07s.
Processing news #696. File: 2023-10-25.json. ID: 67. Last time: 6.33s.
Prompt too long: 5511 tokens. Skip news.
Processing news #697. File: 2023-10-25.json. ID: 72. Last time: 0.01s.
Prompt too long: 5274 tokens. Skip news.
Processing news #698. File: 2023-10-26.json. ID: 3. Last time: 0.01s.
Processing news #699. File: 2023-10-26.json. ID: 4. Last time: 5.33s.
Processing news #700. File: 2023-10-26.json. ID: 6. Last time: 5.58s.
Processing news #701. File: 2023-10-26.json. ID: 10. Last time: 5.18s.
Processing news #702. File: 2023-10-26.json. ID: 14. Last time: 6.60s.
Processing news #703. File: 2023-10-26.json. ID: 18. Last time: 5.05s.
Processing news #704. File: 2023-10-26.json. ID: 22. Last time: 4.40s.
Processing news #705. File: 2023-10-26.json. ID: 25. Last time: 5.52s.
Processing news #706. File: 2023-10-26.json. ID: 28. Last time: 8.35s.
Processing news #707. File: 2023-10-26.json. ID: 29. Last time: 2.97s.
Processing news #708. File: 2023-10-26.json. ID: 30. Last time: 6.45s.
Processing news #709. File: 2023-10-26.json. ID: 32. Last time: 7.27s.
Processing news #710. File: 2023-10-26.json. ID: 34. Last time: 4.04s.
Processing news #711. File: 2023-10-26.json. ID: 37. Last time: 6.02s.
Processing news #712. File: 2023-10-26.json. ID: 38. Last time: 3.04s.
Processing news #713. File: 2023-10-26.json. ID: 40. Last time: 5.69s.
Processing news #714. File: 2023-10-26.json. ID: 43. Last time: 4.86s.
Processing news #715. File: 2023-10-26.json. ID: 44. Last time: 6.35s.
Processing news #716. File: 2023-10-26.json. ID: 45. Last time: 5.56s.
Processing news #717. File: 2023-10-26.json. ID: 49. Last time: 5.11s.
Processing news #718. File: 2023-10-26.json. ID: 51. Last time: 5.93s.
Processing news #719. File: 2023-10-26.json. ID: 52. Last time: 6.05s.
Processing news #720. File: 2023-10-26.json. ID: 54. Last time: 7.06s.
Processing news #721. File: 2023-10-26.json. ID: 55. Last time: 3.24s.
Prompt too long: 4997 tokens. Skip news.
Processing news #722. File: 2023-10-27.json. ID: 0. Last time: 0.01s.
Processing news #723. File: 2023-10-27.json. ID: 1. Last time: 10.13s.
Processing news #724. File: 2023-10-27.json. ID: 4. Last time: 3.98s.
Processing news #725. File: 2023-10-27.json. ID: 5. Last time: 3.32s.
Processing news #726. File: 2023-10-27.json. ID: 6. Last time: 10.01s.
Processing news #727. File: 2023-10-27.json. ID: 7. Last time: 5.66s.
Processing news #728. File: 2023-10-27.json. ID: 9. Last time: 8.02s.
Processing news #729. File: 2023-10-27.json. ID: 11. Last time: 4.26s.
Processing news #730. File: 2023-10-27.json. ID: 13. Last time: 2.31s.
Processing news #731. File: 2023-10-27.json. ID: 14. Last time: 6.50s.
Processing news #732. File: 2023-10-27.json. ID: 15. Last time: 3.20s.
Processing news #733. File: 2023-10-27.json. ID: 16. Last time: 5.09s.
Processing news #734. File: 2023-10-27.json. ID: 17. Last time: 4.09s.
Processing news #735. File: 2023-10-27.json. ID: 19. Last time: 2.89s.
Processing news #736. File: 2023-10-27.json. ID: 20. Last time: 5.16s.
Processing news #737. File: 2023-10-27.json. ID: 21. Last time: 4.51s.
Processing news #738. File: 2023-10-27.json. ID: 22. Last time: 3.30s.
Processing news #739. File: 2023-10-27.json. ID: 23. Last time: 4.67s.
Processing news #740. File: 2023-10-27.json. ID: 25. Last time: 4.85s.
Processing news #741. File: 2023-10-27.json. ID: 26. Last time: 7.54s.
Processing news #742. File: 2023-10-27.json. ID: 27. Last time: 6.59s.
Processing news #743. File: 2023-10-27.json. ID: 29. Last time: 4.94s.
Processing news #744. File: 2023-10-27.json. ID: 32. Last time: 4.06s.
Processing news #745. File: 2023-10-27.json. ID: 34. Last time: 4.33s.
Processing news #746. File: 2023-10-27.json. ID: 35. Last time: 5.55s.
Processing news #747. File: 2023-10-27.json. ID: 36. Last time: 5.05s.
Processing news #748. File: 2023-10-27.json. ID: 37. Last time: 7.16s.
Processing news #749. File: 2023-10-28.json. ID: 0. Last time: 3.85s.
Processing news #750. File: 2023-10-28.json. ID: 1. Last time: 3.30s.
Processing news #751. File: 2023-10-28.json. ID: 3. Last time: 5.64s.
Processing news #752. File: 2023-10-28.json. ID: 4. Last time: 4.64s.
Processing news #753. File: 2023-10-28.json. ID: 6. Last time: 5.56s.
Processing news #754. File: 2023-10-28.json. ID: 9. Last time: 4.93s.
Processing news #755. File: 2023-10-28.json. ID: 10. Last time: 10.21s.
Processing news #756. File: 2023-10-28.json. ID: 11. Last time: 4.03s.
Processing news #757. File: 2023-10-28.json. ID: 13. Last time: 6.75s.
Processing news #758. File: 2023-10-28.json. ID: 14. Last time: 7.72s.
Processing news #759. File: 2023-10-29.json. ID: 11. Last time: 5.24s.
Processing news #760. File: 2023-10-29.json. ID: 23. Last time: 4.03s.
Processing news #761. File: 2023-10-29.json. ID: 24. Last time: 3.16s.
Processing news #762. File: 2023-10-29.json. ID: 25. Last time: 8.68s.
Processing news #763. File: 2023-10-30.json. ID: 0. Last time: 6.69s.
Processing news #764. File: 2023-10-30.json. ID: 1. Last time: 7.02s.
Processing news #765. File: 2023-10-30.json. ID: 2. Last time: 5.07s.
Processing news #766. File: 2023-10-30.json. ID: 4. Last time: 5.43s.
Processing news #767. File: 2023-10-30.json. ID: 11. Last time: 4.06s.
Processing news #768. File: 2023-10-30.json. ID: 13. Last time: 7.06s.
Processing news #769. File: 2023-10-30.json. ID: 15. Last time: 5.13s.
Processing news #770. File: 2023-10-30.json. ID: 17. Last time: 4.95s.
Processing news #771. File: 2023-10-30.json. ID: 20. Last time: 1.69s.
Processing news #772. File: 2023-10-30.json. ID: 21. Last time: 5.65s.
Processing news #773. File: 2023-10-30.json. ID: 25. Last time: 4.78s.
Processing news #774. File: 2023-10-30.json. ID: 26. Last time: 6.38s.
Processing news #775. File: 2023-10-30.json. ID: 29. Last time: 5.66s.
Processing news #776. File: 2023-10-30.json. ID: 33. Last time: 5.45s.
Processing news #777. File: 2023-10-30.json. ID: 34. Last time: 5.13s.
Processing news #778. File: 2023-10-30.json. ID: 44. Last time: 6.85s.
Processing news #779. File: 2023-10-30.json. ID: 46. Last time: 7.59s.
Processing news #780. File: 2023-10-30.json. ID: 49. Last time: 6.69s.
Processing news #781. File: 2023-10-30.json. ID: 55. Last time: 4.24s.
Processing news #782. File: 2023-10-31.json. ID: 2. Last time: 8.58s.
Processing news #783. File: 2023-10-31.json. ID: 5. Last time: 7.97s.
Processing news #784. File: 2023-10-31.json. ID: 9. Last time: 7.65s.
Processing news #785. File: 2023-10-31.json. ID: 11. Last time: 4.11s.
Processing news #786. File: 2023-10-31.json. ID: 12. Last time: 6.82s.
Processing news #787. File: 2023-10-31.json. ID: 15. Last time: 5.58s.
Processing news #788. File: 2023-10-31.json. ID: 18. Last time: 7.74s.
Processing news #789. File: 2023-10-31.json. ID: 20. Last time: 8.04s.
Processing news #790. File: 2023-10-31.json. ID: 22. Last time: 8.65s.
Processing news #791. File: 2023-10-31.json. ID: 26. Last time: 7.43s.
Processing news #792. File: 2023-10-31.json. ID: 30. Last time: 8.64s.
Processing news #793. File: 2023-10-31.json. ID: 32. Last time: 7.73s.
Processing news #794. File: 2023-10-31.json. ID: 34. Last time: 10.61s.
Processing news #795. File: 2023-10-31.json. ID: 38. Last time: 11.25s.
Processing news #796. File: 2023-10-31.json. ID: 40. Last time: 7.56s.
Processing news #797. File: 2023-10-31.json. ID: 41. Last time: 10.48s.
Processing news #798. File: 2023-10-31.json. ID: 42. Last time: 8.20s.
Processing news #799. File: 2023-10-31.json. ID: 45. Last time: 9.75s.
Processing news #800. File: 2023-10-31.json. ID: 47. Last time: 6.57s.
Processing news #801. File: 2023-10-31.json. ID: 48. Last time: 9.64s.
Processing news #802. File: 2023-10-31.json. ID: 49. Last time: 10.79s.
Processing news #803. File: 2023-10-31.json. ID: 51. Last time: 5.86s.
Processing news #804. File: 2023-10-31.json. ID: 54. Last time: 5.73s.
Processing news #805. File: 2023-10-31.json. ID: 56. Last time: 6.23s.
Processing news #806. File: 2023-10-31.json. ID: 57. Last time: 4.19s.
Processing news #807. File: 2023-10-31.json. ID: 59. Last time: 8.40s.
Processing news #808. File: 2023-10-31.json. ID: 60. Last time: 8.76s.
Processing news #809. File: 2023-10-31.json. ID: 61. Last time: 4.71s.
