nohup: ignoring input
Loading checkpoint shards:   0%|          | 0/3 [00:00<?, ?it/s]Loading checkpoint shards:  33%|███▎      | 1/3 [00:02<00:05,  2.82s/it]nohup: ignoring input
Loading checkpoint shards:   0%|          | 0/2 [00:00<?, ?it/s]Loading checkpoint shards:  50%|█████     | 1/2 [00:03<00:03,  3.13s/it]Loading checkpoint shards: 100%|██████████| 2/2 [00:04<00:00,  1.95s/it]Loading checkpoint shards: 100%|██████████| 2/2 [00:04<00:00,  2.13s/it]
Processing news #1. File: 2024-1-1.json. ID: 0. Last time: 0.00s.
Processing news #2. File: 2024-1-1.json. ID: 5. Last time: 9.78s.
Processing news #3. File: 2024-1-1.json. ID: 9. Last time: 8.18s.
Processing news #4. File: 2024-1-1.json. ID: 10. Last time: 8.34s.
Processing news #5. File: 2024-1-1.json. ID: 14. Last time: 8.31s.
Processing news #6. File: 2024-1-1.json. ID: 15. Last time: 8.02s.
Processing news #7. File: 2024-1-1.json. ID: 16. Last time: 7.73s.
Processing news #8. File: 2024-1-1.json. ID: 18. Last time: 7.69s.
Processing news #9. File: 2024-1-1.json. ID: 19. Last time: 6.32s.
Processing news #10. File: 2024-1-1.json. ID: 23. Last time: 6.59s.
Processing news #11. File: 2024-1-1.json. ID: 25. Last time: 7.74s.
/home/liyuan/miniconda3/envs/handy/lib/python3.8/site-packages/transformers/pipelines/base.py:1157: UserWarning: You seem to be using the pipelines sequentially on GPU. In order to maximize efficiency please use a dataset
  warnings.warn(
Processing news #12. File: 2024-1-1.json. ID: 26. Last time: 7.72s.
Processing news #13. File: 2024-1-1.json. ID: 29. Last time: 6.22s.
Processing news #14. File: 2024-1-1.json. ID: 32. Last time: 6.54s.
Processing news #15. File: 2024-1-1.json. ID: 35. Last time: 7.77s.
Processing news #16. File: 2024-1-1.json. ID: 43. Last time: 6.28s.
Processing news #17. File: 2024-1-1.json. ID: 47. Last time: 7.89s.
Processing news #18. File: 2024-1-1.json. ID: 50. Last time: 7.69s.
Processing news #19. File: 2024-1-1.json. ID: 51. Last time: 7.71s.
Processing news #20. File: 2024-1-1.json. ID: 53. Last time: 7.71s.
Processing news #21. File: 2024-1-1.json. ID: 54. Last time: 7.78s.
Processing news #22. File: 2024-1-1.json. ID: 55. Last time: 8.04s.
Processing news #23. File: 2024-1-1.json. ID: 59. Last time: 7.72s.
Processing news #24. File: 2024-1-1.json. ID: 61. Last time: 7.74s.
Processing news #25. File: 2024-1-1.json. ID: 63. Last time: 7.69s.
Processing news #26. File: 2024-1-1.json. ID: 64. Last time: 7.72s.
Processing news #27. File: 2024-1-1.json. ID: 68. Last time: 7.86s.
Processing news #28. File: 2024-1-1.json. ID: 69. Last time: 7.83s.
Processing news #29. File: 2024-1-1.json. ID: 86. Last time: 7.81s.
Processing news #30. File: 2024-1-1.json. ID: 87. Last time: 5.91s.
Processing news #31. File: 2024-1-1.json. ID: 89. Last time: 7.85s.
Processing news #32. File: 2024-1-1.json. ID: 91. Last time: 7.83s.
Processing news #33. File: 2024-1-1.json. ID: 96. Last time: 7.92s.
Processing news #34. File: 2024-1-1.json. ID: 99. Last time: 6.70s.
Processing news #35. File: 2024-1-2.json. ID: 2. Last time: 7.85s.
Processing news #36. File: 2024-1-2.json. ID: 4. Last time: 7.76s.
Processing news #37. File: 2024-1-2.json. ID: 9. Last time: 7.68s.
Processing news #38. File: 2024-1-2.json. ID: 11. Last time: 6.40s.
Processing news #39. File: 2024-1-2.json. ID: 18. Last time: 7.77s.
Processing news #40. File: 2024-1-2.json. ID: 19. Last time: 8.20s.
Processing news #41. File: 2024-1-2.json. ID: 21. Last time: 4.55s.
Processing news #42. File: 2024-1-2.json. ID: 22. Last time: 7.78s.
Processing news #43. File: 2024-1-2.json. ID: 25. Last time: 6.74s.
Processing news #44. File: 2024-1-2.json. ID: 27. Last time: 5.29s.
Processing news #45. File: 2024-1-2.json. ID: 31. Last time: 7.72s.
Processing news #46. File: 2024-1-2.json. ID: 33. Last time: 7.52s.
Processing news #47. File: 2024-1-2.json. ID: 34. Last time: 7.75s.
Processing news #48. File: 2024-1-2.json. ID: 35. Last time: 7.74s.
Processing news #49. File: 2024-1-2.json. ID: 36. Last time: 5.45s.
Processing news #50. File: 2024-1-2.json. ID: 39. Last time: 7.95s.
Processing news #51. File: 2024-1-2.json. ID: 40. Last time: 5.75s.
Processing news #52. File: 2024-1-2.json. ID: 42. Last time: 7.76s.
Processing news #53. File: 2024-1-2.json. ID: 43. Last time: 7.77s.
Processing news #54. File: 2024-1-2.json. ID: 46. Last time: 5.42s.
Processing news #55. File: 2024-1-2.json. ID: 47. Last time: 6.87s.
Processing news #56. File: 2024-1-2.json. ID: 48. Last time: 7.69s.
Processing news #57. File: 2024-1-2.json. ID: 50. Last time: 6.31s.
Processing news #58. File: 2024-1-2.json. ID: 53. Last time: 7.75s.
Processing news #59. File: 2024-1-2.json. ID: 54. Last time: 7.14s.
Processing news #60. File: 2024-1-2.json. ID: 55. Last time: 7.96s.
Processing news #61. File: 2024-1-2.json. ID: 59. Last time: 7.84s.
Processing news #62. File: 2024-1-2.json. ID: 62. Last time: 5.39s.
Processing news #63. File: 2024-1-2.json. ID: 68. Last time: 7.07s.
Processing news #64. File: 2024-1-2.json. ID: 72. Last time: 7.77s.
Processing news #65. File: 2024-1-2.json. ID: 73. Last time: 6.56s.
Processing news #66. File: 2024-1-2.json. ID: 74. Last time: 7.06s.
Processing news #67. File: 2024-1-2.json. ID: 80. Last time: 7.74s.
Processing news #68. File: 2024-1-2.json. ID: 81. Last time: 7.79s.
Processing news #69. File: 2024-1-2.json. ID: 82. Last time: 7.66s.
Processing news #70. File: 2024-1-2.json. ID: 83. Last time: 7.49s.
Processing news #71. File: 2024-1-2.json. ID: 84. Last time: 6.63s.
Processing news #72. File: 2024-1-2.json. ID: 86. Last time: 7.64s.
Processing news #73. File: 2024-1-2.json. ID: 87. Last time: 6.40s.
Processing news #74. File: 2024-1-2.json. ID: 88. Last time: 5.85s.
Processing news #75. File: 2024-1-2.json. ID: 90. Last time: 7.78s.
Processing news #76. File: 2024-1-2.json. ID: 91. Last time: 6.40s.
Processing news #77. File: 2024-1-2.json. ID: 95. Last time: 6.35s.
Processing news #78. File: 2024-1-2.json. ID: 96. Last time: 6.14s.
Processing news #79. File: 2024-1-2.json. ID: 97. Last time: 5.26s.
Processing news #80. File: 2024-1-2.json. ID: 98. Last time: 7.79s.
Processing news #81. File: 2024-1-3.json. ID: 0. Last time: 7.83s.
Prompt too long: 4756 tokens. Skip news.
Processing news #82. File: 2024-1-3.json. ID: 1. Last time: 0.01s.
Processing news #83. File: 2024-1-3.json. ID: 2. Last time: 5.49s.
Processing news #84. File: 2024-1-3.json. ID: 5. Last time: 7.66s.
Processing news #85. File: 2024-1-3.json. ID: 6. Last time: 7.93s.
Processing news #86. File: 2024-1-3.json. ID: 8. Last time: 7.53s.
Processing news #87. File: 2024-1-3.json. ID: 10. Last time: 7.51s.
Processing news #88. File: 2024-1-3.json. ID: 12. Last time: 8.60s.
Processing news #89. File: 2024-1-3.json. ID: 14. Last time: 7.05s.
Processing news #90. File: 2024-1-3.json. ID: 16. Last time: 9.19s.
Processing news #91. File: 2024-1-3.json. ID: 17. Last time: 8.17s.
Processing news #92. File: 2024-1-3.json. ID: 19. Last time: 6.62s.
Processing news #93. File: 2024-1-3.json. ID: 20. Last time: 7.65s.
Processing news #94. File: 2024-1-3.json. ID: 21. Last time: 6.44s.
Processing news #95. File: 2024-1-3.json. ID: 22. Last time: 6.64s.
Processing news #96. File: 2024-1-3.json. ID: 24. Last time: 5.53s.
Processing news #97. File: 2024-1-3.json. ID: 25. Last time: 6.79s.
Processing news #98. File: 2024-1-3.json. ID: 26. Last time: 7.83s.
Processing news #99. File: 2024-1-3.json. ID: 30. Last time: 7.54s.
Processing news #100. File: 2024-1-3.json. ID: 31. Last time: 3.74s.
Processing news #101. File: 2024-1-3.json. ID: 35. Last time: 7.81s.
Processing news #102. File: 2024-1-3.json. ID: 36. Last time: 7.43s.
Processing news #103. File: 2024-1-3.json. ID: 40. Last time: 7.87s.
Processing news #104. File: 2024-1-3.json. ID: 42. Last time: 7.70s.
Processing news #105. File: 2024-1-3.json. ID: 46. Last time: 7.70s.
Processing news #106. File: 2024-1-3.json. ID: 47. Last time: 8.24s.
Processing news #107. File: 2024-1-3.json. ID: 48. Last time: 7.73s.
Processing news #108. File: 2024-1-3.json. ID: 51. Last time: 7.73s.
Processing news #109. File: 2024-1-3.json. ID: 55. Last time: 7.77s.
Processing news #110. File: 2024-1-3.json. ID: 56. Last time: 7.65s.
Processing news #111. File: 2024-1-3.json. ID: 57. Last time: 5.63s.
Processing news #112. File: 2024-1-3.json. ID: 60. Last time: 6.72s.
Processing news #113. File: 2024-1-3.json. ID: 61. Last time: 6.56s.
Processing news #114. File: 2024-1-3.json. ID: 62. Last time: 7.76s.
Processing news #115. File: 2024-1-3.json. ID: 64. Last time: 4.84s.
Processing news #116. File: 2024-1-3.json. ID: 69. Last time: 5.65s.
Processing news #117. File: 2024-1-3.json. ID: 71. Last time: 7.78s.
Processing news #118. File: 2024-1-3.json. ID: 72. Last time: 7.00s.
Processing news #119. File: 2024-1-3.json. ID: 81. Last time: 8.00s.
Processing news #120. File: 2024-1-3.json. ID: 82. Last time: 7.97s.
Processing news #121. File: 2024-1-3.json. ID: 88. Last time: 7.95s.
Prompt too long: 4381 tokens. Skip news.
Processing news #122. File: 2024-1-3.json. ID: 89. Last time: 0.01s.
Processing news #123. File: 2024-1-3.json. ID: 90. Last time: 4.90s.
Processing news #124. File: 2024-1-3.json. ID: 95. Last time: 7.66s.
Processing news #125. File: 2024-1-3.json. ID: 96. Last time: 7.83s.
Processing news #126. File: 2024-1-3.json. ID: 98. Last time: 5.97s.
Processing news #127. File: 2024-1-3.json. ID: 99. Last time: 5.37s.
Processing news #128. File: 2024-1-4.json. ID: 8. Last time: 7.86s.
Processing news #129. File: 2024-1-4.json. ID: 14. Last time: 7.79s.
Processing news #130. File: 2024-1-4.json. ID: 19. Last time: 4.73s.
Processing news #131. File: 2024-1-4.json. ID: 20. Last time: 5.37s.
Processing news #132. File: 2024-1-4.json. ID: 25. Last time: 7.65s.
Processing news #133. File: 2024-1-4.json. ID: 29. Last time: 7.67s.
Processing news #134. File: 2024-1-4.json. ID: 30. Last time: 7.73s.
Processing news #135. File: 2024-1-4.json. ID: 38. Last time: 5.10s.
Processing news #136. File: 2024-1-4.json. ID: 41. Last time: 7.80s.
Processing news #137. File: 2024-1-4.json. ID: 46. Last time: 7.78s.
Processing news #138. File: 2024-1-4.json. ID: 49. Last time: 4.18s.
Processing news #139. File: 2024-1-4.json. ID: 53. Last time: 5.75s.
Processing news #140. File: 2024-1-4.json. ID: 55. Last time: 7.77s.
Processing news #141. File: 2024-1-4.json. ID: 58. Last time: 6.41s.
Processing news #142. File: 2024-1-4.json. ID: 66. Last time: 6.41s.
Processing news #143. File: 2024-1-4.json. ID: 67. Last time: 5.06s.
Processing news #144. File: 2024-1-4.json. ID: 68. Last time: 6.21s.
Processing news #145. File: 2024-1-4.json. ID: 71. Last time: 5.59s.
Processing news #146. File: 2024-1-4.json. ID: 78. Last time: 7.96s.
Processing news #147. File: 2024-1-4.json. ID: 81. Last time: 7.47s.
Processing news #148. File: 2024-1-4.json. ID: 82. Last time: 5.87s.
Processing news #149. File: 2024-1-4.json. ID: 87. Last time: 7.75s.
Processing news #150. File: 2024-1-4.json. ID: 88. Last time: 6.71s.
Processing news #151. File: 2024-1-4.json. ID: 89. Last time: 7.88s.
Processing news #152. File: 2024-1-4.json. ID: 90. Last time: 6.15s.
Processing news #153. File: 2024-1-4.json. ID: 91. Last time: 6.55s.
Processing news #154. File: 2024-1-4.json. ID: 92. Last time: 7.81s.
Processing news #155. File: 2024-1-4.json. ID: 96. Last time: 7.73s.
Processing news #156. File: 2024-1-4.json. ID: 97. Last time: 7.86s.
Processing news #157. File: 2024-1-5.json. ID: 0. Last time: 7.20s.
Processing news #158. File: 2024-1-5.json. ID: 1. Last time: 7.07s.
Processing news #159. File: 2024-1-5.json. ID: 2. Last time: 7.95s.
Processing news #160. File: 2024-1-5.json. ID: 3. Last time: 3.97s.
Processing news #161. File: 2024-1-5.json. ID: 4. Last time: 6.42s.
Processing news #162. File: 2024-1-5.json. ID: 6. Last time: 7.73s.
Processing news #163. File: 2024-1-5.json. ID: 7. Last time: 6.97s.
Processing news #164. File: 2024-1-5.json. ID: 8. Last time: 4.58s.
Processing news #165. File: 2024-1-5.json. ID: 9. Last time: 6.36s.
Processing news #166. File: 2024-1-5.json. ID: 10. Last time: 6.86s.
Processing news #167. File: 2024-1-5.json. ID: 11. Last time: 7.85s.
Processing news #168. File: 2024-1-5.json. ID: 12. Last time: 7.82s.
Processing news #169. File: 2024-1-5.json. ID: 13. Last time: 5.39s.
Processing news #170. File: 2024-1-5.json. ID: 14. Last time: 7.89s.
Processing news #171. File: 2024-1-5.json. ID: 15. Last time: 7.67s.
Processing news #172. File: 2024-1-5.json. ID: 16. Last time: 6.10s.
Processing news #173. File: 2024-1-5.json. ID: 17. Last time: 7.74s.
Processing news #174. File: 2024-1-5.json. ID: 19. Last time: 8.22s.
Processing news #175. File: 2024-1-5.json. ID: 20. Last time: 8.04s.
Processing news #176. File: 2024-1-5.json. ID: 21. Last time: 6.33s.
Processing news #177. File: 2024-1-5.json. ID: 24. Last time: 7.29s.
Processing news #178. File: 2024-1-5.json. ID: 25. Last time: 6.81s.
Processing news #179. File: 2024-1-5.json. ID: 26. Last time: 7.81s.
Processing news #180. File: 2024-1-5.json. ID: 27. Last time: 4.86s.
Processing news #181. File: 2024-1-5.json. ID: 28. Last time: 6.98s.
Processing news #182. File: 2024-1-5.json. ID: 30. Last time: 7.80s.
Processing news #183. File: 2024-1-5.json. ID: 32. Last time: 7.92s.
Processing news #184. File: 2024-1-5.json. ID: 35. Last time: 5.56s.
Processing news #185. File: 2024-1-5.json. ID: 36. Last time: 7.32s.
Processing news #186. File: 2024-1-5.json. ID: 37. Last time: 7.67s.
Processing news #187. File: 2024-1-5.json. ID: 41. Last time: 3.68s.
Processing news #188. File: 2024-1-5.json. ID: 42. Last time: 7.74s.
Processing news #189. File: 2024-1-5.json. ID: 47. Last time: 7.28s.
Processing news #190. File: 2024-1-5.json. ID: 49. Last time: 4.31s.
Processing news #191. File: 2024-1-5.json. ID: 50. Last time: 7.58s.
Processing news #192. File: 2024-1-5.json. ID: 58. Last time: 7.70s.
Processing news #193. File: 2024-1-5.json. ID: 60. Last time: 7.71s.
Processing news #194. File: 2024-1-5.json. ID: 62. Last time: 7.81s.
Processing news #195. File: 2024-1-5.json. ID: 63. Last time: 6.98s.
Processing news #196. File: 2024-1-5.json. ID: 65. Last time: 5.94s.
Processing news #197. File: 2024-1-5.json. ID: 66. Last time: 7.83s.
Processing news #198. File: 2024-1-5.json. ID: 68. Last time: 7.82s.
Processing news #199. File: 2024-1-5.json. ID: 70. Last time: 4.89s.
Processing news #200. File: 2024-1-5.json. ID: 72. Last time: 6.74s.
Processing news #201. File: 2024-1-5.json. ID: 73. Last time: 5.78s.
Processing news #202. File: 2024-1-5.json. ID: 74. Last time: 7.83s.
Processing news #203. File: 2024-1-5.json. ID: 76. Last time: 7.76s.
Processing news #204. File: 2024-1-5.json. ID: 80. Last time: 7.74s.
Processing news #205. File: 2024-1-5.json. ID: 81. Last time: 7.80s.
Processing news #206. File: 2024-1-5.json. ID: 82. Last time: 8.02s.
Processing news #207. File: 2024-1-5.json. ID: 83. Last time: 6.40s.
Processing news #208. File: 2024-1-5.json. ID: 85. Last time: 7.96s.
Prompt too long: 6338 tokens. Skip news.
Processing news #209. File: 2024-1-5.json. ID: 88. Last time: 0.01s.
Processing news #210. File: 2024-1-5.json. ID: 89. Last time: 7.75s.
Processing news #211. File: 2024-1-5.json. ID: 90. Last time: 7.61s.
Processing news #212. File: 2024-1-5.json. ID: 91. Last time: 7.82s.
Processing news #213. File: 2024-1-5.json. ID: 92. Last time: 7.43s.
Processing news #214. File: 2024-1-5.json. ID: 94. Last time: 9.63s.
Processing news #215. File: 2024-1-5.json. ID: 95. Last time: 5.60s.
Processing news #216. File: 2024-1-5.json. ID: 96. Last time: 4.69s.
Processing news #217. File: 2024-1-5.json. ID: 98. Last time: 7.42s.
Processing news #218. File: 2024-1-5.json. ID: 99. Last time: 7.71s.
Processing news #219. File: 2024-1-6.json. ID: 0. Last time: 6.33s.
Processing news #220. File: 2024-1-6.json. ID: 2. Last time: 7.89s.
Processing news #221. File: 2024-1-6.json. ID: 3. Last time: 5.11s.
Processing news #222. File: 2024-1-6.json. ID: 4. Last time: 7.75s.
Processing news #223. File: 2024-1-6.json. ID: 9. Last time: 7.84s.
Processing news #224. File: 2024-1-6.json. ID: 11. Last time: 6.23s.
Processing news #225. File: 2024-1-6.json. ID: 12. Last time: 7.84s.
Processing news #226. File: 2024-1-6.json. ID: 14. Last time: 7.80s.
Processing news #227. File: 2024-1-6.json. ID: 15. Last time: 7.84s.
Processing news #228. File: 2024-1-6.json. ID: 16. Last time: 6.44s.
Processing news #229. File: 2024-1-6.json. ID: 17. Last time: 7.76s.
Processing news #230. File: 2024-1-6.json. ID: 18. Last time: 6.73s.
Processing news #231. File: 2024-1-6.json. ID: 21. Last time: 6.47s.
Processing news #232. File: 2024-1-6.json. ID: 22. Last time: 4.14s.
Processing news #233. File: 2024-1-6.json. ID: 24. Last time: 7.75s.
Processing news #234. File: 2024-1-6.json. ID: 26. Last time: 6.33s.
Processing news #235. File: 2024-1-6.json. ID: 29. Last time: 7.54s.
Processing news #236. File: 2024-1-6.json. ID: 31. Last time: 7.80s.
Processing news #237. File: 2024-1-6.json. ID: 32. Last time: 7.99s.
Processing news #238. File: 2024-1-6.json. ID: 34. Last time: 7.87s.
Processing news #239. File: 2024-1-6.json. ID: 35. Last time: 7.86s.
Processing news #240. File: 2024-1-6.json. ID: 39. Last time: 7.57s.
Processing news #241. File: 2024-1-6.json. ID: 40. Last time: 7.16s.
Processing news #242. File: 2024-1-6.json. ID: 41. Last time: 5.98s.
Processing news #243. File: 2024-1-6.json. ID: 43. Last time: 6.09s.
Processing news #244. File: 2024-1-6.json. ID: 48. Last time: 6.08s.
Processing news #245. File: 2024-1-6.json. ID: 54. Last time: 8.02s.
Processing news #246. File: 2024-1-6.json. ID: 55. Last time: 7.86s.
Processing news #247. File: 2024-1-6.json. ID: 56. Last time: 5.37s.
Processing news #248. File: 2024-1-6.json. ID: 60. Last time: 6.74s.
Processing news #249. File: 2024-1-6.json. ID: 61. Last time: 7.84s.
Processing news #250. File: 2024-1-6.json. ID: 62. Last time: 7.55s.
Processing news #251. File: 2024-1-7.json. ID: 5. Last time: 7.80s.
Processing news #252. File: 2024-1-7.json. ID: 10. Last time: 7.91s.
Processing news #253. File: 2024-1-7.json. ID: 18. Last time: 7.75s.
Processing news #254. File: 2024-1-7.json. ID: 23. Last time: 6.14s.
Processing news #255. File: 2024-1-7.json. ID: 27. Last time: 7.84s.
Processing news #256. File: 2024-1-7.json. ID: 29. Last time: 6.16s.
Processing news #257. File: 2024-1-7.json. ID: 32. Last time: 7.87s.
Processing news #258. File: 2024-1-7.json. ID: 33. Last time: 7.76s.
Processing news #259. File: 2024-1-7.json. ID: 39. Last time: 8.07s.
Processing news #260. File: 2024-1-7.json. ID: 40. Last time: 7.75s.
Processing news #261. File: 2024-1-7.json. ID: 44. Last time: 6.06s.
Processing news #262. File: 2024-1-7.json. ID: 59. Last time: 7.83s.
Processing news #263. File: 2024-1-7.json. ID: 62. Last time: 7.96s.
Processing news #264. File: 2024-1-7.json. ID: 68. Last time: 7.76s.
Processing news #265. File: 2024-1-7.json. ID: 69. Last time: 8.07s.
Processing news #266. File: 2024-1-7.json. ID: 72. Last time: 7.83s.
Processing news #267. File: 2024-1-7.json. ID: 73. Last time: 7.91s.
Processing news #268. File: 2024-1-7.json. ID: 76. Last time: 8.30s.
Processing news #269. File: 2024-1-7.json. ID: 82. Last time: 8.68s.
Processing news #270. File: 2024-1-7.json. ID: 83. Last time: 7.19s.
Processing news #271. File: 2024-1-7.json. ID: 92. Last time: 7.80s.
Processing news #272. File: 2024-1-8.json. ID: 0. Last time: 8.36s.
Processing news #273. File: 2024-1-8.json. ID: 1. Last time: 8.15s.
Processing news #274. File: 2024-1-8.json. ID: 5. Last time: 8.00s.
Processing news #275. File: 2024-1-8.json. ID: 8. Last time: 7.62s.
Processing news #276. File: 2024-1-8.json. ID: 12. Last time: 6.71s.
Processing news #277. File: 2024-1-8.json. ID: 15. Last time: 7.79s.
Processing news #278. File: 2024-1-8.json. ID: 18. Last time: 7.77s.
Processing news #279. File: 2024-1-8.json. ID: 19. Last time: 6.91s.
Processing news #280. File: 2024-1-8.json. ID: 30. Last time: 7.81s.
Processing news #281. File: 2024-1-8.json. ID: 32. Last time: 6.25s.
Processing news #282. File: 2024-1-8.json. ID: 34. Last time: 7.80s.
Processing news #283. File: 2024-1-8.json. ID: 36. Last time: 7.98s.
Processing news #284. File: 2024-1-8.json. ID: 38. Last time: 7.68s.
Processing news #285. File: 2024-1-8.json. ID: 41. Last time: 6.25s.
Processing news #286. File: 2024-1-8.json. ID: 42. Last time: 7.60s.
Processing news #287. File: 2024-1-8.json. ID: 43. Last time: 7.98s.
Processing news #288. File: 2024-1-8.json. ID: 45. Last time: 7.39s.
Processing news #289. File: 2024-1-8.json. ID: 50. Last time: 6.13s.
Processing news #290. File: 2024-1-8.json. ID: 51. Last time: 7.76s.
Processing news #291. File: 2024-1-8.json. ID: 52. Last time: 7.80s.
Processing news #292. File: 2024-1-8.json. ID: 56. Last time: 7.74s.
Processing news #293. File: 2024-1-8.json. ID: 57. Last time: 5.83s.
Processing news #294. File: 2024-1-8.json. ID: 58. Last time: 7.71s.
Processing news #295. File: 2024-1-8.json. ID: 60. Last time: 8.01s.
Processing news #296. File: 2024-1-8.json. ID: 62. Last time: 7.77s.
Processing news #297. File: 2024-1-8.json. ID: 63. Last time: 7.82s.
Processing news #298. File: 2024-1-8.json. ID: 65. Last time: 5.42s.
Processing news #299. File: 2024-1-8.json. ID: 68. Last time: 7.74s.
Processing news #300. File: 2024-1-8.json. ID: 69. Last time: 6.81s.
Prompt too long: 4012 tokens. Skip news.
Processing news #301. File: 2024-1-8.json. ID: 70. Last time: 0.01s.
Processing news #302. File: 2024-1-8.json. ID: 71. Last time: 7.13s.
Processing news #303. File: 2024-1-8.json. ID: 72. Last time: 7.59s.
Processing news #304. File: 2024-1-8.json. ID: 75. Last time: 6.30s.
Processing news #305. File: 2024-1-8.json. ID: 77. Last time: 4.87s.
Processing news #306. File: 2024-1-8.json. ID: 79. Last time: 7.89s.
Processing news #307. File: 2024-1-8.json. ID: 83. Last time: 7.87s.
Processing news #308. File: 2024-1-8.json. ID: 85. Last time: 7.79s.
Processing news #309. File: 2024-1-8.json. ID: 89. Last time: 7.88s.
Processing news #310. File: 2024-1-8.json. ID: 91. Last time: 8.43s.
Processing news #311. File: 2024-1-8.json. ID: 92. Last time: 7.86s.
Processing news #312. File: 2024-1-8.json. ID: 94. Last time: 7.97s.
Processing news #313. File: 2024-1-8.json. ID: 96. Last time: 8.01s.
Processing news #314. File: 2024-1-8.json. ID: 97. Last time: 7.85s.
Processing news #315. File: 2024-1-8.json. ID: 98. Last time: 8.00s.
Processing news #316. File: 2024-1-9.json. ID: 4. Last time: 8.31s.
Processing news #317. File: 2024-1-9.json. ID: 5. Last time: 3.53s.
Processing news #318. File: 2024-1-9.json. ID: 7. Last time: 7.83s.
Processing news #319. File: 2024-1-9.json. ID: 11. Last time: 7.80s.
Processing news #320. File: 2024-1-9.json. ID: 15. Last time: 8.07s.
Processing news #321. File: 2024-1-9.json. ID: 16. Last time: 7.74s.
Processing news #322. File: 2024-1-9.json. ID: 20. Last time: 7.80s.
Processing news #323. File: 2024-1-9.json. ID: 21. Last time: 4.84s.
Processing news #324. File: 2024-1-9.json. ID: 24. Last time: 7.72s.
Processing news #325. File: 2024-1-9.json. ID: 25. Last time: 7.80s.
Processing news #326. File: 2024-1-9.json. ID: 33. Last time: 7.75s.
Processing news #327. File: 2024-1-9.json. ID: 39. Last time: 6.74s.
Processing news #328. File: 2024-1-9.json. ID: 41. Last time: 7.78s.
Processing news #329. File: 2024-1-9.json. ID: 42. Last time: 7.86s.
Processing news #330. File: 2024-1-9.json. ID: 47. Last time: 7.85s.
Processing news #331. File: 2024-1-9.json. ID: 55. Last time: 7.85s.
Processing news #332. File: 2024-1-9.json. ID: 60. Last time: 7.61s.
Processing news #333. File: 2024-1-9.json. ID: 64. Last time: 5.53s.
Processing news #334. File: 2024-1-9.json. ID: 68. Last time: 7.85s.
Processing news #335. File: 2024-1-9.json. ID: 69. Last time: 4.68s.
Processing news #336. File: 2024-1-9.json. ID: 74. Last time: 7.81s.
Processing news #337. File: 2024-1-9.json. ID: 78. Last time: 7.99s.
Processing news #338. File: 2024-1-9.json. ID: 79. Last time: 9.60s.
Processing news #339. File: 2024-1-9.json. ID: 81. Last time: 7.78s.
Processing news #340. File: 2024-1-9.json. ID: 85. Last time: 7.85s.
Processing news #341. File: 2024-1-9.json. ID: 92. Last time: 4.88s.
Processing news #342. File: 2024-1-9.json. ID: 94. Last time: 5.23s.
Processing news #343. File: 2024-1-10.json. ID: 6. Last time: 7.80s.
Processing news #344. File: 2024-1-10.json. ID: 11. Last time: 7.52s.
Processing news #345. File: 2024-1-10.json. ID: 15. Last time: 6.40s.
Processing news #346. File: 2024-1-10.json. ID: 18. Last time: 6.14s.
Processing news #347. File: 2024-1-10.json. ID: 21. Last time: 7.80s.
Processing news #348. File: 2024-1-10.json. ID: 23. Last time: 5.99s.
Processing news #349. File: 2024-1-10.json. ID: 27. Last time: 5.74s.
Processing news #350. File: 2024-1-10.json. ID: 28. Last time: 7.89s.
Processing news #351. File: 2024-1-10.json. ID: 29. Last time: 7.73s.
Processing news #352. File: 2024-1-10.json. ID: 33. Last time: 7.16s.
Processing news #353. File: 2024-1-10.json. ID: 36. Last time: 7.89s.
Processing news #354. File: 2024-1-10.json. ID: 44. Last time: 7.77s.
Processing news #355. File: 2024-1-10.json. ID: 46. Last time: 7.84s.
Processing news #356. File: 2024-1-10.json. ID: 56. Last time: 7.74s.
Processing news #357. File: 2024-1-10.json. ID: 61. Last time: 6.42s.
Processing news #358. File: 2024-1-10.json. ID: 68. Last time: 4.30s.
Processing news #359. File: 2024-1-10.json. ID: 70. Last time: 6.40s.
Processing news #360. File: 2024-1-10.json. ID: 72. Last time: 7.75s.
Processing news #361. File: 2024-1-10.json. ID: 76. Last time: 4.31s.
Processing news #362. File: 2024-1-10.json. ID: 81. Last time: 7.75s.
Processing news #363. File: 2024-1-10.json. ID: 84. Last time: 7.61s.
Processing news #364. File: 2024-1-10.json. ID: 87. Last time: 5.29s.
Processing news #365. File: 2024-1-10.json. ID: 90. Last time: 7.71s.
Processing news #366. File: 2024-1-10.json. ID: 92. Last time: 6.92s.
Processing news #367. File: 2024-1-10.json. ID: 93. Last time: 8.12s.
Processing news #368. File: 2024-1-10.json. ID: 95. Last time: 6.69s.
Processing news #369. File: 2024-1-10.json. ID: 96. Last time: 6.05s.
Processing news #370. File: 2024-1-10.json. ID: 99. Last time: 5.53s.
